TN:
SF:/mnt/c/Users/KIIT/Desktop/Keploy project/UnitTestGenerator/cpp-unit-gen/src/math_utils.cpp
FN:4,_ZN9MathUtils3addExx
FNDA:8,_ZN9MathUtils3addExx
FN:8,_ZN9MathUtils8subtractExx
FNDA:8,_ZN9MathUtils8subtractExx
FN:12,_ZN9MathUtils8multiplyExx
FNDA:8,_ZN9MathUtils8multiplyExx
FN:16,_ZN9MathUtils6divideExx
FNDA:14,_ZN9MathUtils6divideExx
DA:4,8
DA:5,8
DA:8,8
DA:9,8
DA:12,8
DA:13,8
DA:16,14
DA:17,14
DA:18,3
DA:20,11
end_of_record
TN:
SF:/usr/include/c++/9/bits/stl_iterator_base_funcs.h
FN:98,_ZSt10__distanceIPcENSt15iterator_traitsIT_E15difference_typeES2_S2_St26random_access_iterator_tag
FNDA:0,_ZSt10__distanceIPcENSt15iterator_traitsIT_E15difference_typeES2_S2_St26random_access_iterator_tag
FN:98,_ZSt10__distanceIPKcENSt15iterator_traitsIT_E15difference_typeES3_S3_St26random_access_iterator_tag
FNDA:215,_ZSt10__distanceIPKcENSt15iterator_traitsIT_E15difference_typeES3_S3_St26random_access_iterator_tag
FN:138,_ZSt8distanceIPcENSt15iterator_traitsIT_E15difference_typeES2_S2_
FNDA:0,_ZSt8distanceIPcENSt15iterator_traitsIT_E15difference_typeES2_S2_
FN:138,_ZSt8distanceIPKcENSt15iterator_traitsIT_E15difference_typeES3_S3_
FNDA:215,_ZSt8distanceIPKcENSt15iterator_traitsIT_E15difference_typeES3_S3_
DA:98,0
DA:104,0
DA:98,215
DA:104,215
DA:138,0
DA:141,0
DA:142,0
DA:138,215
DA:141,215
DA:142,430
end_of_record
SF:/mnt/c/Users/KIIT/Desktop/Keploy project/UnitTestGenerator/cpp-unit-gen/build/_deps/googletest-src/googletest/include/gtest/gtest-message.h
end_of_record
SF:/mnt/c/Users/KIIT/Desktop/Keploy project/UnitTestGenerator/cpp-unit-gen/tests/math_utils_test.cpp
FN:6,_ZN15calculator_test38CalculatorTest_AddPositiveNumbers_TestC2Ev
FNDA:1,_ZN15calculator_test38CalculatorTest_AddPositiveNumbers_TestC2Ev
FN:6,_ZN15calculator_test38CalculatorTest_AddPositiveNumbers_Test8TestBodyEv
FNDA:1,_ZN15calculator_test38CalculatorTest_AddPositiveNumbers_Test8TestBodyEv
FN:6,_ZN15calculator_test38CalculatorTest_AddPositiveNumbers_TestD2Ev
FNDA:1,_ZN15calculator_test38CalculatorTest_AddPositiveNumbers_TestD2Ev
FN:6,_ZN15calculator_test38CalculatorTest_AddPositiveNumbers_TestD0Ev
FNDA:1,_ZN15calculator_test38CalculatorTest_AddPositiveNumbers_TestD0Ev
FN:17,_ZN15calculator_test43CalculatorTest_SubtractPositiveNumbers_TestC2Ev
FNDA:1,_ZN15calculator_test43CalculatorTest_SubtractPositiveNumbers_TestC2Ev
FN:17,_ZN15calculator_test43CalculatorTest_SubtractPositiveNumbers_Test8TestBodyEv
FNDA:1,_ZN15calculator_test43CalculatorTest_SubtractPositiveNumbers_Test8TestBodyEv
FN:17,_ZN15calculator_test43CalculatorTest_SubtractPositiveNumbers_TestD2Ev
FNDA:1,_ZN15calculator_test43CalculatorTest_SubtractPositiveNumbers_TestD2Ev
FN:17,_ZN15calculator_test43CalculatorTest_SubtractPositiveNumbers_TestD0Ev
FNDA:1,_ZN15calculator_test43CalculatorTest_SubtractPositiveNumbers_TestD0Ev
FN:27,_ZN15calculator_test43CalculatorTest_MultiplyPositiveNumbers_TestC2Ev
FNDA:1,_ZN15calculator_test43CalculatorTest_MultiplyPositiveNumbers_TestC2Ev
FN:27,_ZN15calculator_test43CalculatorTest_MultiplyPositiveNumbers_Test8TestBodyEv
FNDA:1,_ZN15calculator_test43CalculatorTest_MultiplyPositiveNumbers_Test8TestBodyEv
FN:27,_ZN15calculator_test43CalculatorTest_MultiplyPositiveNumbers_TestD2Ev
FNDA:1,_ZN15calculator_test43CalculatorTest_MultiplyPositiveNumbers_TestD2Ev
FN:27,_ZN15calculator_test43CalculatorTest_MultiplyPositiveNumbers_TestD0Ev
FNDA:1,_ZN15calculator_test43CalculatorTest_MultiplyPositiveNumbers_TestD0Ev
FN:37,_ZN15calculator_test41CalculatorTest_DividePositiveNumbers_TestC2Ev
FNDA:1,_ZN15calculator_test41CalculatorTest_DividePositiveNumbers_TestC2Ev
FN:37,_ZN15calculator_test41CalculatorTest_DividePositiveNumbers_Test8TestBodyEv
FNDA:1,_ZN15calculator_test41CalculatorTest_DividePositiveNumbers_Test8TestBodyEv
FN:37,_ZN15calculator_test41CalculatorTest_DividePositiveNumbers_TestD2Ev
FNDA:1,_ZN15calculator_test41CalculatorTest_DividePositiveNumbers_TestD2Ev
FN:37,_ZN15calculator_test41CalculatorTest_DividePositiveNumbers_TestD0Ev
FNDA:1,_ZN15calculator_test41CalculatorTest_DividePositiveNumbers_TestD0Ev
FN:49,_ZN15calculator_test32CalculatorTest_DivideByZero_TestD0Ev
FNDA:1,_ZN15calculator_test32CalculatorTest_DivideByZero_TestD0Ev
FN:49,_ZN15calculator_test32CalculatorTest_DivideByZero_TestD2Ev
FNDA:1,_ZN15calculator_test32CalculatorTest_DivideByZero_TestD2Ev
FN:49,_ZN15calculator_test32CalculatorTest_DivideByZero_TestC2Ev
FNDA:1,_ZN15calculator_test32CalculatorTest_DivideByZero_TestC2Ev
FN:49,_ZN15calculator_test32CalculatorTest_DivideByZero_Test8TestBodyEv
FNDA:1,_ZN15calculator_test32CalculatorTest_DivideByZero_Test8TestBodyEv
FN:53,_ZN15calculator_test35CalculatorTest_AddLargeNumbers_TestC2Ev
FNDA:1,_ZN15calculator_test35CalculatorTest_AddLargeNumbers_TestC2Ev
FN:53,_ZN15calculator_test35CalculatorTest_AddLargeNumbers_Test8TestBodyEv
FNDA:1,_ZN15calculator_test35CalculatorTest_AddLargeNumbers_Test8TestBodyEv
FN:53,_ZN15calculator_test35CalculatorTest_AddLargeNumbers_TestD0Ev
FNDA:1,_ZN15calculator_test35CalculatorTest_AddLargeNumbers_TestD0Ev
FN:53,_ZN15calculator_test35CalculatorTest_AddLargeNumbers_TestD2Ev
FNDA:1,_ZN15calculator_test35CalculatorTest_AddLargeNumbers_TestD2Ev
FN:57,_ZN15calculator_test40CalculatorTest_SubtractLargeNumbers_TestD2Ev
FNDA:1,_ZN15calculator_test40CalculatorTest_SubtractLargeNumbers_TestD2Ev
FN:57,_ZN15calculator_test40CalculatorTest_SubtractLargeNumbers_Test8TestBodyEv
FNDA:1,_ZN15calculator_test40CalculatorTest_SubtractLargeNumbers_Test8TestBodyEv
FN:57,_ZN15calculator_test40CalculatorTest_SubtractLargeNumbers_TestD0Ev
FNDA:1,_ZN15calculator_test40CalculatorTest_SubtractLargeNumbers_TestD0Ev
FN:57,_ZN15calculator_test40CalculatorTest_SubtractLargeNumbers_TestC2Ev
FNDA:1,_ZN15calculator_test40CalculatorTest_SubtractLargeNumbers_TestC2Ev
FN:61,_ZN15calculator_test40CalculatorTest_MultiplyLargeNumbers_TestC2Ev
FNDA:1,_ZN15calculator_test40CalculatorTest_MultiplyLargeNumbers_TestC2Ev
FN:61,_ZN15calculator_test40CalculatorTest_MultiplyLargeNumbers_TestD0Ev
FNDA:1,_ZN15calculator_test40CalculatorTest_MultiplyLargeNumbers_TestD0Ev
FN:61,_ZN15calculator_test40CalculatorTest_MultiplyLargeNumbers_TestD2Ev
FNDA:1,_ZN15calculator_test40CalculatorTest_MultiplyLargeNumbers_TestD2Ev
FN:61,_ZN15calculator_test40CalculatorTest_MultiplyLargeNumbers_Test8TestBodyEv
FNDA:1,_ZN15calculator_test40CalculatorTest_MultiplyLargeNumbers_Test8TestBodyEv
FN:65,_ZN15calculator_test38CalculatorTest_DivideLargeNumbers_TestD0Ev
FNDA:1,_ZN15calculator_test38CalculatorTest_DivideLargeNumbers_TestD0Ev
FN:65,_ZN15calculator_test38CalculatorTest_DivideLargeNumbers_TestD2Ev
FNDA:1,_ZN15calculator_test38CalculatorTest_DivideLargeNumbers_TestD2Ev
FN:65,_ZN15calculator_test38CalculatorTest_DivideLargeNumbers_TestC2Ev
FNDA:1,_ZN15calculator_test38CalculatorTest_DivideLargeNumbers_TestC2Ev
FN:65,_ZN15calculator_test38CalculatorTest_DivideLargeNumbers_Test8TestBodyEv
FNDA:1,_ZN15calculator_test38CalculatorTest_DivideLargeNumbers_Test8TestBodyEv
FN:69,_ZN15calculator_test42CalculatorTest_AddNegativeAndPositive_TestD2Ev
FNDA:1,_ZN15calculator_test42CalculatorTest_AddNegativeAndPositive_TestD2Ev
FN:69,_ZN15calculator_test42CalculatorTest_AddNegativeAndPositive_Test8TestBodyEv
FNDA:1,_ZN15calculator_test42CalculatorTest_AddNegativeAndPositive_Test8TestBodyEv
FN:69,_ZN15calculator_test42CalculatorTest_AddNegativeAndPositive_TestC2Ev
FNDA:1,_ZN15calculator_test42CalculatorTest_AddNegativeAndPositive_TestC2Ev
FN:69,_ZN15calculator_test42CalculatorTest_AddNegativeAndPositive_TestD0Ev
FNDA:1,_ZN15calculator_test42CalculatorTest_AddNegativeAndPositive_TestD0Ev
FN:74,_ZN15calculator_test47CalculatorTest_SubtractNegativeAndPositive_Test8TestBodyEv
FNDA:1,_ZN15calculator_test47CalculatorTest_SubtractNegativeAndPositive_Test8TestBodyEv
FN:74,_ZN15calculator_test47CalculatorTest_SubtractNegativeAndPositive_TestC2Ev
FNDA:1,_ZN15calculator_test47CalculatorTest_SubtractNegativeAndPositive_TestC2Ev
FN:74,_ZN15calculator_test47CalculatorTest_SubtractNegativeAndPositive_TestD0Ev
FNDA:1,_ZN15calculator_test47CalculatorTest_SubtractNegativeAndPositive_TestD0Ev
FN:74,_ZN15calculator_test47CalculatorTest_SubtractNegativeAndPositive_TestD2Ev
FNDA:1,_ZN15calculator_test47CalculatorTest_SubtractNegativeAndPositive_TestD2Ev
FN:79,_ZN15calculator_test47CalculatorTest_MultiplyNegativeAndPositive_Test8TestBodyEv
FNDA:1,_ZN15calculator_test47CalculatorTest_MultiplyNegativeAndPositive_Test8TestBodyEv
FN:79,_ZN15calculator_test47CalculatorTest_MultiplyNegativeAndPositive_TestD2Ev
FNDA:1,_ZN15calculator_test47CalculatorTest_MultiplyNegativeAndPositive_TestD2Ev
FN:79,_ZN15calculator_test47CalculatorTest_MultiplyNegativeAndPositive_TestD0Ev
FNDA:1,_ZN15calculator_test47CalculatorTest_MultiplyNegativeAndPositive_TestD0Ev
FN:79,_ZN15calculator_test47CalculatorTest_MultiplyNegativeAndPositive_TestC2Ev
FNDA:1,_ZN15calculator_test47CalculatorTest_MultiplyNegativeAndPositive_TestC2Ev
FN:84,_ZN15calculator_test45CalculatorTest_DivideNegativeAndPositive_Test8TestBodyEv
FNDA:1,_ZN15calculator_test45CalculatorTest_DivideNegativeAndPositive_Test8TestBodyEv
FN:84,_ZN15calculator_test45CalculatorTest_DivideNegativeAndPositive_TestC2Ev
FNDA:1,_ZN15calculator_test45CalculatorTest_DivideNegativeAndPositive_TestC2Ev
FN:84,_ZN15calculator_test45CalculatorTest_DivideNegativeAndPositive_TestD2Ev
FNDA:1,_ZN15calculator_test45CalculatorTest_DivideNegativeAndPositive_TestD2Ev
FN:84,_ZN15calculator_test45CalculatorTest_DivideNegativeAndPositive_TestD0Ev
FNDA:1,_ZN15calculator_test45CalculatorTest_DivideNegativeAndPositive_TestD0Ev
FN:89,_ZN15calculator_test31CalculatorTest_DivideByOne_Test8TestBodyEv
FNDA:1,_ZN15calculator_test31CalculatorTest_DivideByOne_Test8TestBodyEv
FN:89,_ZN15calculator_test31CalculatorTest_DivideByOne_TestD2Ev
FNDA:1,_ZN15calculator_test31CalculatorTest_DivideByOne_TestD2Ev
FN:89,_ZN15calculator_test31CalculatorTest_DivideByOne_TestD0Ev
FNDA:1,_ZN15calculator_test31CalculatorTest_DivideByOne_TestD0Ev
FN:89,_ZN15calculator_test31CalculatorTest_DivideByOne_TestC2Ev
FNDA:1,_ZN15calculator_test31CalculatorTest_DivideByOne_TestC2Ev
FN:94,_ZN15calculator_test38CalculatorTest_ZeroDivisionByZero_TestD2Ev
FNDA:1,_ZN15calculator_test38CalculatorTest_ZeroDivisionByZero_TestD2Ev
FN:94,_ZN15calculator_test38CalculatorTest_ZeroDivisionByZero_Test8TestBodyEv
FNDA:1,_ZN15calculator_test38CalculatorTest_ZeroDivisionByZero_Test8TestBodyEv
FN:94,_ZN15calculator_test38CalculatorTest_ZeroDivisionByZero_TestD0Ev
FNDA:1,_ZN15calculator_test38CalculatorTest_ZeroDivisionByZero_TestD0Ev
FN:94,_ZN15calculator_test38CalculatorTest_ZeroDivisionByZero_TestC2Ev
FNDA:1,_ZN15calculator_test38CalculatorTest_ZeroDivisionByZero_TestC2Ev
DA:6,1
DA:6,1
DA:6,1
DA:6,1
DA:7,1
DA:8,1
DA:11,1
DA:12,1
DA:13,1
DA:14,1
DA:17,1
DA:17,1
DA:17,1
DA:17,1
DA:18,1
DA:19,1
DA:21,1
DA:22,1
DA:23,1
DA:25,1
DA:27,1
DA:27,1
DA:27,1
DA:27,1
DA:28,1
DA:29,1
DA:31,1
DA:32,1
DA:33,1
DA:35,1
DA:37,1
DA:37,1
DA:37,1
DA:37,1
DA:38,1
DA:39,1
DA:40,1
DA:41,1
DA:43,1
DA:44,1
DA:45,2
DA:47,1
DA:49,1
DA:49,1
DA:49,1
DA:49,1
DA:50,2
DA:51,1
DA:53,1
DA:53,1
DA:53,1
DA:53,1
DA:54,1
DA:55,1
DA:57,1
DA:57,1
DA:57,1
DA:57,1
DA:58,1
DA:59,1
DA:61,1
DA:61,1
DA:61,1
DA:61,1
DA:62,1
DA:63,1
DA:65,1
DA:65,1
DA:65,1
DA:65,1
DA:66,1
DA:67,1
DA:69,1
DA:69,1
DA:69,1
DA:69,1
DA:70,1
DA:71,1
DA:72,1
DA:74,1
DA:74,1
DA:74,1
DA:74,1
DA:75,1
DA:76,1
DA:77,1
DA:79,1
DA:79,1
DA:79,1
DA:79,1
DA:80,1
DA:81,1
DA:82,1
DA:84,1
DA:84,1
DA:84,1
DA:84,1
DA:85,1
DA:86,1
DA:87,1
DA:89,1
DA:89,1
DA:89,1
DA:89,1
DA:90,1
DA:91,1
DA:92,1
DA:94,1
DA:94,1
DA:94,1
DA:94,1
DA:95,2
DA:96,1
end_of_record
SF:/usr/include/c++/9/bits/basic_string.h
FN:247,_ZNSt7__cxx1112basic_stringIcSt11char_traitsIcESaIcEE16_M_construct_auxIPcEEvT_S7_St12__false_type
FNDA:0,_ZNSt7__cxx1112basic_stringIcSt11char_traitsIcESaIcEE16_M_construct_auxIPcEEvT_S7_St12__false_type
FN:247,_ZNSt7__cxx1112basic_stringIcSt11char_traitsIcESaIcEE16_M_construct_auxIPKcEEvT_S8_St12__false_type
FNDA:201,_ZNSt7__cxx1112basic_stringIcSt11char_traitsIcESaIcEE16_M_construct_auxIPKcEEvT_S8_St12__false_type
FN:267,_ZNSt7__cxx1112basic_stringIcSt11char_traitsIcESaIcEE12_M_constructIPcEEvT_S7_
FNDA:0,_ZNSt7__cxx1112basic_stringIcSt11char_traitsIcESaIcEE12_M_constructIPcEEvT_S7_
FN:267,_ZNSt7__cxx1112basic_stringIcSt11char_traitsIcESaIcEE12_M_constructIPKcEEvT_S8_
FNDA:201,_ZNSt7__cxx1112basic_stringIcSt11char_traitsIcESaIcEE12_M_constructIPKcEEvT_S8_
FN:529,_ZNSt7__cxx1112basic_stringIcSt11char_traitsIcESaIcEEC2IS3_EEPKcRKS3_
FNDA:201,_ZNSt7__cxx1112basic_stringIcSt11char_traitsIcESaIcEEC2IS3_EEPKcRKS3_
DA:247,0
DA:251,0
DA:252,0
DA:247,201
DA:251,201
DA:252,201
DA:267,0
DA:270,0
DA:271,0
DA:267,201
DA:270,201
DA:271,201
DA:529,201
DA:530,201
DA:531,201
end_of_record
SF:/usr/include/c++/9/bits/basic_string.tcc
FN:206,_ZNSt7__cxx1112basic_stringIcSt11char_traitsIcESaIcEE12_M_constructIPcEEvT_S7_St20forward_iterator_tag
FNDA:0,_ZNSt7__cxx1112basic_stringIcSt11char_traitsIcESaIcEE12_M_constructIPcEEvT_S7_St20forward_iterator_tag
FN:206,_ZNSt7__cxx1112basic_stringIcSt11char_traitsIcESaIcEE12_M_constructIPKcEEvT_S8_St20forward_iterator_tag
FNDA:215,_ZNSt7__cxx1112basic_stringIcSt11char_traitsIcESaIcEE12_M_constructIPKcEEvT_S8_St20forward_iterator_tag
DA:206,0
DA:211,0
DA:212,0
DA:215,0
DA:217,0
DA:219,0
DA:220,0
DA:225,0
DA:226,0
DA:228,0
DA:229,0
DA:232,0
DA:233,0
DA:206,215
DA:211,215
DA:212,0
DA:215,215
DA:217,215
DA:219,91
DA:220,91
DA:225,215
DA:226,0
DA:228,0
DA:229,0
DA:232,215
DA:233,215
end_of_record
SF:/usr/include/c++/9/iostream
end_of_record
SF:/usr/include/c++/9/bits/move.h
FN:99,_ZSt4moveIRPNSt7__cxx1112basic_stringIcSt11char_traitsIcESaIcEEEEONSt16remove_referenceIT_E4typeEOS9_
FNDA:5,_ZSt4moveIRPNSt7__cxx1112basic_stringIcSt11char_traitsIcESaIcEEEEONSt16remove_referenceIT_E4typeEOS9_
FN:99,_ZSt4moveIRPNSt7__cxx1118basic_stringstreamIcSt11char_traitsIcESaIcEEEEONSt16remove_referenceIT_E4typeEOS9_
FNDA:119,_ZSt4moveIRPNSt7__cxx1118basic_stringstreamIcSt11char_traitsIcESaIcEEEEONSt16remove_referenceIT_E4typeEOS9_
FN:99,_ZSt4moveIRSaIcEEONSt16remove_referenceIT_E4typeEOS3_
FNDA:0,_ZSt4moveIRSaIcEEONSt16remove_referenceIT_E4typeEOS3_
DA:99,5
DA:100,5
DA:99,119
DA:100,119
DA:99,0
DA:100,0
end_of_record
SF:/usr/include/c++/9/bits/unique_ptr.h
FN:75,_ZNKSt14default_deleteINSt7__cxx1112basic_stringIcSt11char_traitsIcESaIcEEEEclEPS5_
FNDA:2,_ZNKSt14default_deleteINSt7__cxx1112basic_stringIcSt11char_traitsIcESaIcEEEEclEPS5_
FN:75,_ZNKSt14default_deleteINSt7__cxx1118basic_stringstreamIcSt11char_traitsIcESaIcEEEEclEPS5_
FNDA:119,_ZNKSt14default_deleteINSt7__cxx1118basic_stringstreamIcSt11char_traitsIcESaIcEEEEclEPS5_
FN:153,_ZNSt15__uniq_ptr_implINSt7__cxx1112basic_stringIcSt11char_traitsIcESaIcEEESt14default_deleteIS5_EE6_M_ptrEv
FNDA:38,_ZNSt15__uniq_ptr_implINSt7__cxx1112basic_stringIcSt11char_traitsIcESaIcEEESt14default_deleteIS5_EE6_M_ptrEv
FN:153,_ZNSt15__uniq_ptr_implINSt7__cxx1118basic_stringstreamIcSt11char_traitsIcESaIcEEESt14default_deleteIS5_EE6_M_ptrEv
FNDA:238,_ZNSt15__uniq_ptr_implINSt7__cxx1118basic_stringstreamIcSt11char_traitsIcESaIcEEESt14default_deleteIS5_EE6_M_ptrEv
FN:154,_ZNKSt15__uniq_ptr_implINSt7__cxx1112basic_stringIcSt11char_traitsIcESaIcEEESt14default_deleteIS5_EE6_M_ptrEv
FNDA:6,_ZNKSt15__uniq_ptr_implINSt7__cxx1112basic_stringIcSt11char_traitsIcESaIcEEESt14default_deleteIS5_EE6_M_ptrEv
FN:155,_ZNSt15__uniq_ptr_implINSt7__cxx1112basic_stringIcSt11char_traitsIcESaIcEEESt14default_deleteIS5_EE10_M_deleterEv
FNDA:2,_ZNSt15__uniq_ptr_implINSt7__cxx1112basic_stringIcSt11char_traitsIcESaIcEEESt14default_deleteIS5_EE10_M_deleterEv
FN:155,_ZNSt15__uniq_ptr_implINSt7__cxx1118basic_stringstreamIcSt11char_traitsIcESaIcEEESt14default_deleteIS5_EE10_M_deleterEv
FNDA:119,_ZNSt15__uniq_ptr_implINSt7__cxx1118basic_stringstreamIcSt11char_traitsIcESaIcEEESt14default_deleteIS5_EE10_M_deleterEv
FN:286,_ZNSt10unique_ptrINSt7__cxx1112basic_stringIcSt11char_traitsIcESaIcEEESt14default_deleteIS5_EED2Ev
FNDA:36,_ZNSt10unique_ptrINSt7__cxx1112basic_stringIcSt11char_traitsIcESaIcEEESt14default_deleteIS5_EED2Ev
FN:286,_ZNSt10unique_ptrINSt7__cxx1118basic_stringstreamIcSt11char_traitsIcESaIcEEESt14default_deleteIS5_EED2Ev
FNDA:119,_ZNSt10unique_ptrINSt7__cxx1118basic_stringstreamIcSt11char_traitsIcESaIcEEESt14default_deleteIS5_EED2Ev
FN:352,_ZNKSt10unique_ptrINSt7__cxx1112basic_stringIcSt11char_traitsIcESaIcEEESt14default_deleteIS5_EEptEv
FNDA:2,_ZNKSt10unique_ptrINSt7__cxx1112basic_stringIcSt11char_traitsIcESaIcEEESt14default_deleteIS5_EEptEv
FN:360,_ZNKSt10unique_ptrINSt7__cxx1112basic_stringIcSt11char_traitsIcESaIcEEESt14default_deleteIS5_EE3getEv
FNDA:6,_ZNKSt10unique_ptrINSt7__cxx1112basic_stringIcSt11char_traitsIcESaIcEEESt14default_deleteIS5_EE3getEv
FN:365,_ZNSt10unique_ptrINSt7__cxx1112basic_stringIcSt11char_traitsIcESaIcEEESt14default_deleteIS5_EE11get_deleterEv
FNDA:2,_ZNSt10unique_ptrINSt7__cxx1112basic_stringIcSt11char_traitsIcESaIcEEESt14default_deleteIS5_EE11get_deleterEv
FN:365,_ZNSt10unique_ptrINSt7__cxx1118basic_stringstreamIcSt11char_traitsIcESaIcEEESt14default_deleteIS5_EE11get_deleterEv
FNDA:119,_ZNSt10unique_ptrINSt7__cxx1118basic_stringstreamIcSt11char_traitsIcESaIcEEESt14default_deleteIS5_EE11get_deleterEv
DA:75,2
DA:81,2
DA:82,2
DA:75,119
DA:81,119
DA:82,119
DA:153,38
DA:153,238
DA:154,6
DA:155,2
DA:155,119
DA:286,36
DA:290,36
DA:291,36
DA:292,2
DA:293,36
DA:294,36
DA:286,119
DA:290,119
DA:291,119
DA:292,119
DA:293,119
DA:294,119
DA:352,2
DA:355,2
DA:360,6
DA:361,6
DA:365,2
DA:366,2
DA:365,119
DA:366,119
end_of_record
SF:/usr/include/c++/9/ext/new_allocator.h
FN:80,_ZN9__gnu_cxx13new_allocatorIcEC2Ev
FNDA:0,_ZN9__gnu_cxx13new_allocatorIcEC2Ev
FN:83,_ZN9__gnu_cxx13new_allocatorIcEC2ERKS1_
FNDA:0,_ZN9__gnu_cxx13new_allocatorIcEC2ERKS1_
FN:89,_ZN9__gnu_cxx13new_allocatorIcED2Ev
FNDA:0,_ZN9__gnu_cxx13new_allocatorIcED2Ev
DA:80,0
DA:83,0
DA:89,0
end_of_record
SF:/usr/include/c++/9/tuple
FN:113,_ZNSt10_Head_baseILm1ESt14default_deleteINSt7__cxx1118basic_stringstreamIcSt11char_traitsIcESaIcEEEELb1EE7_M_headERS8_
FNDA:119,_ZNSt10_Head_baseILm1ESt14default_deleteINSt7__cxx1118basic_stringstreamIcSt11char_traitsIcESaIcEEEELb1EE7_M_headERS8_
FN:113,_ZNSt10_Head_baseILm1ESt14default_deleteINSt7__cxx1112basic_stringIcSt11char_traitsIcESaIcEEEELb1EE7_M_headERS8_
FNDA:2,_ZNSt10_Head_baseILm1ESt14default_deleteINSt7__cxx1112basic_stringIcSt11char_traitsIcESaIcEEEELb1EE7_M_headERS8_
FN:160,_ZNSt10_Head_baseILm0EPNSt7__cxx1112basic_stringIcSt11char_traitsIcESaIcEEELb0EE7_M_headERS7_
FNDA:38,_ZNSt10_Head_baseILm0EPNSt7__cxx1112basic_stringIcSt11char_traitsIcESaIcEEELb0EE7_M_headERS7_
FN:160,_ZNSt10_Head_baseILm0EPNSt7__cxx1118basic_stringstreamIcSt11char_traitsIcESaIcEEELb0EE7_M_headERS7_
FNDA:238,_ZNSt10_Head_baseILm0EPNSt7__cxx1118basic_stringstreamIcSt11char_traitsIcESaIcEEELb0EE7_M_headERS7_
FN:163,_ZNSt10_Head_baseILm0EPNSt7__cxx1112basic_stringIcSt11char_traitsIcESaIcEEELb0EE7_M_headERKS7_
FNDA:6,_ZNSt10_Head_baseILm0EPNSt7__cxx1112basic_stringIcSt11char_traitsIcESaIcEEELb0EE7_M_headERKS7_
FN:195,_ZNSt11_Tuple_implILm0EJPNSt7__cxx1112basic_stringIcSt11char_traitsIcESaIcEEESt14default_deleteIS5_EEE7_M_headERS9_
FNDA:38,_ZNSt11_Tuple_implILm0EJPNSt7__cxx1112basic_stringIcSt11char_traitsIcESaIcEEESt14default_deleteIS5_EEE7_M_headERS9_
FN:195,_ZNSt11_Tuple_implILm0EJPNSt7__cxx1118basic_stringstreamIcSt11char_traitsIcESaIcEEESt14default_deleteIS5_EEE7_M_headERS9_
FNDA:238,_ZNSt11_Tuple_implILm0EJPNSt7__cxx1118basic_stringstreamIcSt11char_traitsIcESaIcEEESt14default_deleteIS5_EEE7_M_headERS9_
FN:198,_ZNSt11_Tuple_implILm0EJPNSt7__cxx1112basic_stringIcSt11char_traitsIcESaIcEEESt14default_deleteIS5_EEE7_M_headERKS9_
FNDA:6,_ZNSt11_Tuple_implILm0EJPNSt7__cxx1112basic_stringIcSt11char_traitsIcESaIcEEESt14default_deleteIS5_EEE7_M_headERKS9_
FN:334,_ZNSt11_Tuple_implILm1EJSt14default_deleteINSt7__cxx1112basic_stringIcSt11char_traitsIcESaIcEEEEEE7_M_headERS8_
FNDA:2,_ZNSt11_Tuple_implILm1EJSt14default_deleteINSt7__cxx1112basic_stringIcSt11char_traitsIcESaIcEEEEEE7_M_headERS8_
FN:334,_ZNSt11_Tuple_implILm1EJSt14default_deleteINSt7__cxx1118basic_stringstreamIcSt11char_traitsIcESaIcEEEEEE7_M_headERS8_
FNDA:119,_ZNSt11_Tuple_implILm1EJSt14default_deleteINSt7__cxx1118basic_stringstreamIcSt11char_traitsIcESaIcEEEEEE7_M_headERS8_
FN:1309,_ZSt12__get_helperILm1ESt14default_deleteINSt7__cxx1118basic_stringstreamIcSt11char_traitsIcESaIcEEEEJEERT0_RSt11_Tuple_implIXT_EJS8_DpT1_EE
FNDA:119,_ZSt12__get_helperILm1ESt14default_deleteINSt7__cxx1118basic_stringstreamIcSt11char_traitsIcESaIcEEEEJEERT0_RSt11_Tuple_implIXT_EJS8_DpT1_EE
FN:1309,_ZSt12__get_helperILm0EPNSt7__cxx1118basic_stringstreamIcSt11char_traitsIcESaIcEEEJSt14default_deleteIS5_EEERT0_RSt11_Tuple_implIXT_EJS9_DpT1_EE
FNDA:238,_ZSt12__get_helperILm0EPNSt7__cxx1118basic_stringstreamIcSt11char_traitsIcESaIcEEEJSt14default_deleteIS5_EEERT0_RSt11_Tuple_implIXT_EJS9_DpT1_EE
FN:1309,_ZSt12__get_helperILm0EPNSt7__cxx1112basic_stringIcSt11char_traitsIcESaIcEEEJSt14default_deleteIS5_EEERT0_RSt11_Tuple_implIXT_EJS9_DpT1_EE
FNDA:38,_ZSt12__get_helperILm0EPNSt7__cxx1112basic_stringIcSt11char_traitsIcESaIcEEEJSt14default_deleteIS5_EEERT0_RSt11_Tuple_implIXT_EJS9_DpT1_EE
FN:1309,_ZSt12__get_helperILm1ESt14default_deleteINSt7__cxx1112basic_stringIcSt11char_traitsIcESaIcEEEEJEERT0_RSt11_Tuple_implIXT_EJS8_DpT1_EE
FNDA:2,_ZSt12__get_helperILm1ESt14default_deleteINSt7__cxx1112basic_stringIcSt11char_traitsIcESaIcEEEEJEERT0_RSt11_Tuple_implIXT_EJS8_DpT1_EE
FN:1314,_ZSt12__get_helperILm0EPNSt7__cxx1112basic_stringIcSt11char_traitsIcESaIcEEEJSt14default_deleteIS5_EEERKT0_RKSt11_Tuple_implIXT_EJS9_DpT1_EE
FNDA:6,_ZSt12__get_helperILm0EPNSt7__cxx1112basic_stringIcSt11char_traitsIcESaIcEEEJSt14default_deleteIS5_EEERKT0_RKSt11_Tuple_implIXT_EJS9_DpT1_EE
FN:1320,_ZSt3getILm1EJPNSt7__cxx1112basic_stringIcSt11char_traitsIcESaIcEEESt14default_deleteIS5_EEERNSt13tuple_elementIXT_ESt5tupleIJDpT0_EEE4typeERSD_
FNDA:2,_ZSt3getILm1EJPNSt7__cxx1112basic_stringIcSt11char_traitsIcESaIcEEESt14default_deleteIS5_EEERNSt13tuple_elementIXT_ESt5tupleIJDpT0_EEE4typeERSD_
FN:1320,_ZSt3getILm1EJPNSt7__cxx1118basic_stringstreamIcSt11char_traitsIcESaIcEEESt14default_deleteIS5_EEERNSt13tuple_elementIXT_ESt5tupleIJDpT0_EEE4typeERSD_
FNDA:119,_ZSt3getILm1EJPNSt7__cxx1118basic_stringstreamIcSt11char_traitsIcESaIcEEESt14default_deleteIS5_EEERNSt13tuple_elementIXT_ESt5tupleIJDpT0_EEE4typeERSD_
FN:1320,_ZSt3getILm0EJPNSt7__cxx1112basic_stringIcSt11char_traitsIcESaIcEEESt14default_deleteIS5_EEERNSt13tuple_elementIXT_ESt5tupleIJDpT0_EEE4typeERSD_
FNDA:38,_ZSt3getILm0EJPNSt7__cxx1112basic_stringIcSt11char_traitsIcESaIcEEESt14default_deleteIS5_EEERNSt13tuple_elementIXT_ESt5tupleIJDpT0_EEE4typeERSD_
FN:1320,_ZSt3getILm0EJPNSt7__cxx1118basic_stringstreamIcSt11char_traitsIcESaIcEEESt14default_deleteIS5_EEERNSt13tuple_elementIXT_ESt5tupleIJDpT0_EEE4typeERSD_
FNDA:238,_ZSt3getILm0EJPNSt7__cxx1118basic_stringstreamIcSt11char_traitsIcESaIcEEESt14default_deleteIS5_EEERNSt13tuple_elementIXT_ESt5tupleIJDpT0_EEE4typeERSD_
FN:1326,_ZSt3getILm0EJPNSt7__cxx1112basic_stringIcSt11char_traitsIcESaIcEEESt14default_deleteIS5_EEERKNSt13tuple_elementIXT_ESt5tupleIJDpT0_EEE4typeERKSD_
FNDA:6,_ZSt3getILm0EJPNSt7__cxx1112basic_stringIcSt11char_traitsIcESaIcEEESt14default_deleteIS5_EEERKNSt13tuple_elementIXT_ESt5tupleIJDpT0_EEE4typeERKSD_
DA:113,2
DA:113,119
DA:160,38
DA:160,238
DA:163,6
DA:195,38
DA:195,238
DA:198,6
DA:334,2
DA:334,119
DA:1309,2
DA:1310,2
DA:1309,119
DA:1310,119
DA:1309,38
DA:1310,38
DA:1309,238
DA:1310,238
DA:1314,6
DA:1315,6
DA:1320,2
DA:1321,2
DA:1320,119
DA:1321,119
DA:1320,38
DA:1321,38
DA:1320,238
DA:1321,238
DA:1326,6
DA:1327,6
end_of_record
SF:/mnt/c/Users/KIIT/Desktop/Keploy project/UnitTestGenerator/cpp-unit-gen/build/_deps/googletest-src/googletest/include/gtest/gtest-printers.h
FN:213,_ZN7testing8internal52internal_stream_operator_without_lexical_name_lookup13StreamPrinter10PrintValueIdvRSoEEvRKT_PSo
FNDA:0,_ZN7testing8internal52internal_stream_operator_without_lexical_name_lookup13StreamPrinter10PrintValueIdvRSoEEvRKT_PSo
FN:213,_ZN7testing8internal52internal_stream_operator_without_lexical_name_lookup13StreamPrinter10PrintValueIxvRSoEEvRKT_PSo
FNDA:2,_ZN7testing8internal52internal_stream_operator_without_lexical_name_lookup13StreamPrinter10PrintValueIxvRSoEEvRKT_PSo
FN:213,_ZN7testing8internal52internal_stream_operator_without_lexical_name_lookup13StreamPrinter10PrintValueIivRSoEEvRKT_PSo
FNDA:0,_ZN7testing8internal52internal_stream_operator_without_lexical_name_lookup13StreamPrinter10PrintValueIivRSoEEvRKT_PSo
FN:305,_ZN7testing8internal17PrintWithFallbackIiEEvRKT_PSo
FNDA:0,_ZN7testing8internal17PrintWithFallbackIiEEvRKT_PSo
FN:305,_ZN7testing8internal17PrintWithFallbackIdEEvRKT_PSo
FNDA:0,_ZN7testing8internal17PrintWithFallbackIdEEvRKT_PSo
FN:305,_ZN7testing8internal17PrintWithFallbackIxEEvRKT_PSo
FNDA:2,_ZN7testing8internal17PrintWithFallbackIxEEvRKT_PSo
FN:332,_ZN7testing8internal19FormatForComparisonIxxE6FormatB5cxx11ERKx
FNDA:2,_ZN7testing8internal19FormatForComparisonIxxE6FormatB5cxx11ERKx
FN:332,_ZN7testing8internal19FormatForComparisonIdiE6FormatB5cxx11ERKd
FNDA:0,_ZN7testing8internal19FormatForComparisonIdiE6FormatB5cxx11ERKd
FN:332,_ZN7testing8internal19FormatForComparisonIidE6FormatB5cxx11ERKi
FNDA:0,_ZN7testing8internal19FormatForComparisonIidE6FormatB5cxx11ERKi
FN:332,_ZN7testing8internal19FormatForComparisonIddE6FormatB5cxx11ERKd
FNDA:0,_ZN7testing8internal19FormatForComparisonIddE6FormatB5cxx11ERKd
FN:412,_ZN7testing8internal33FormatForComparisonFailureMessageIxxEENSt7__cxx1112basic_stringIcSt11char_traitsIcESaIcEEERKT_RKT0_
FNDA:2,_ZN7testing8internal33FormatForComparisonFailureMessageIxxEENSt7__cxx1112basic_stringIcSt11char_traitsIcESaIcEEERKT_RKT0_
FN:412,_ZN7testing8internal33FormatForComparisonFailureMessageIdiEENSt7__cxx1112basic_stringIcSt11char_traitsIcESaIcEEERKT_RKT0_
FNDA:0,_ZN7testing8internal33FormatForComparisonFailureMessageIdiEENSt7__cxx1112basic_stringIcSt11char_traitsIcESaIcEEERKT_RKT0_
FN:412,_ZN7testing8internal33FormatForComparisonFailureMessageIidEENSt7__cxx1112basic_stringIcSt11char_traitsIcESaIcEEERKT_RKT0_
FNDA:0,_ZN7testing8internal33FormatForComparisonFailureMessageIidEENSt7__cxx1112basic_stringIcSt11char_traitsIcESaIcEEERKT_RKT0_
FN:412,_ZN7testing8internal33FormatForComparisonFailureMessageIddEENSt7__cxx1112basic_stringIcSt11char_traitsIcESaIcEEERKT_RKT0_
FNDA:0,_ZN7testing8internal33FormatForComparisonFailureMessageIddEENSt7__cxx1112basic_stringIcSt11char_traitsIcESaIcEEERKT_RKT0_
FN:439,_ZN7testing8internal7PrintToIxEEvRKT_PSo
FNDA:2,_ZN7testing8internal7PrintToIxEEvRKT_PSo
FN:439,_ZN7testing8internal7PrintToIdEEvRKT_PSo
FNDA:0,_ZN7testing8internal7PrintToIdEEvRKT_PSo
FN:439,_ZN7testing8internal7PrintToIiEEvRKT_PSo
FNDA:0,_ZN7testing8internal7PrintToIiEEvRKT_PSo
FN:693,_ZN7testing8internal16UniversalPrinterIxE5PrintERKxPSo
FNDA:2,_ZN7testing8internal16UniversalPrinterIxE5PrintERKxPSo
FN:693,_ZN7testing8internal16UniversalPrinterIdE5PrintERKdPSo
FNDA:0,_ZN7testing8internal16UniversalPrinterIdE5PrintERKdPSo
FN:693,_ZN7testing8internal16UniversalPrinterIiE5PrintERKiPSo
FNDA:0,_ZN7testing8internal16UniversalPrinterIiE5PrintERKiPSo
FN:883,_ZN7testing8internal21UniversalTersePrinterIiE5PrintERKiPSo
FNDA:0,_ZN7testing8internal21UniversalTersePrinterIiE5PrintERKiPSo
FN:883,_ZN7testing8internal21UniversalTersePrinterIdE5PrintERKdPSo
FNDA:0,_ZN7testing8internal21UniversalTersePrinterIdE5PrintERKdPSo
FN:883,_ZN7testing8internal21UniversalTersePrinterIxE5PrintERKxPSo
FNDA:2,_ZN7testing8internal21UniversalTersePrinterIxE5PrintERKxPSo
FN:995,_ZN7testing8internal14UniversalPrintIxEEvRKT_PSo
FNDA:2,_ZN7testing8internal14UniversalPrintIxEEvRKT_PSo
FN:995,_ZN7testing8internal14UniversalPrintIdEEvRKT_PSo
FNDA:0,_ZN7testing8internal14UniversalPrintIdEEvRKT_PSo
FN:995,_ZN7testing8internal14UniversalPrintIiEEvRKT_PSo
FNDA:0,_ZN7testing8internal14UniversalPrintIiEEvRKT_PSo
FN:1035,_ZN7testing13PrintToStringIiEENSt7__cxx1112basic_stringIcSt11char_traitsIcESaIcEEERKT_
FNDA:0,_ZN7testing13PrintToStringIiEENSt7__cxx1112basic_stringIcSt11char_traitsIcESaIcEEERKT_
FN:1035,_ZN7testing13PrintToStringIdEENSt7__cxx1112basic_stringIcSt11char_traitsIcESaIcEEERKT_
FNDA:0,_ZN7testing13PrintToStringIdEENSt7__cxx1112basic_stringIcSt11char_traitsIcESaIcEEERKT_
FN:1035,_ZN7testing13PrintToStringIxEENSt7__cxx1112basic_stringIcSt11char_traitsIcESaIcEEERKT_
FNDA:2,_ZN7testing13PrintToStringIxEENSt7__cxx1112basic_stringIcSt11char_traitsIcESaIcEEERKT_
DA:213,0
DA:216,0
DA:217,0
DA:213,0
DA:216,0
DA:217,0
DA:213,2
DA:216,2
DA:217,2
DA:305,0
DA:311,0
DA:312,0
DA:305,0
DA:311,0
DA:312,0
DA:305,2
DA:311,2
DA:312,2
DA:332,0
DA:333,0
DA:332,0
DA:333,0
DA:332,0
DA:333,0
DA:332,2
DA:333,2
DA:412,0
DA:414,0
DA:412,0
DA:414,0
DA:412,0
DA:414,0
DA:412,2
DA:414,2
DA:439,0
DA:440,0
DA:441,0
DA:439,0
DA:440,0
DA:441,0
DA:439,2
DA:440,2
DA:441,2
DA:693,0
DA:702,0
DA:703,0
DA:693,0
DA:702,0
DA:703,0
DA:693,2
DA:702,2
DA:703,2
DA:883,0
DA:884,0
DA:885,0
DA:883,0
DA:884,0
DA:885,0
DA:883,2
DA:884,2
DA:885,2
DA:995,0
DA:999,0
DA:1000,0
DA:995,0
DA:999,0
DA:1000,0
DA:995,2
DA:999,2
DA:1000,2
DA:1035,0
DA:1036,0
DA:1037,0
DA:1038,0
DA:1035,0
DA:1036,0
DA:1037,0
DA:1038,0
DA:1035,2
DA:1036,4
DA:1037,2
DA:1038,4
end_of_record
SF:/mnt/c/Users/KIIT/Desktop/Keploy project/UnitTestGenerator/cpp-unit-gen/build/_deps/googletest-src/googletest/include/gtest/gtest.h
FN:244,_ZN7testing4Test14SetUpTestSuiteEv
FNDA:0,_ZN7testing4Test14SetUpTestSuiteEv
FN:252,_ZN7testing4Test17TearDownTestSuiteEv
FNDA:0,_ZN7testing4Test17TearDownTestSuiteEv
FN:257,_ZN7testing4Test16TearDownTestCaseEv
FNDA:0,_ZN7testing4Test16TearDownTestCaseEv
FN:258,_ZN7testing4Test13SetUpTestCaseEv
FNDA:0,_ZN7testing4Test13SetUpTestCaseEv
FN:339,_ZN7testing4Test5SetupEv
FNDA:0,_ZN7testing4Test5SetupEv
FN:1338,_ZN7testing8internal18CmpHelperEQFailureIddEENS_15AssertionResultEPKcS4_RKT_RKT0_
FNDA:0,_ZN7testing8internal18CmpHelperEQFailureIddEENS_15AssertionResultEPKcS4_RKT_RKT0_
FN:1338,_ZN7testing8internal18CmpHelperEQFailureIdiEENS_15AssertionResultEPKcS4_RKT_RKT0_
FNDA:0,_ZN7testing8internal18CmpHelperEQFailureIdiEENS_15AssertionResultEPKcS4_RKT_RKT0_
FN:1338,_ZN7testing8internal18CmpHelperEQFailureIxxEENS_15AssertionResultEPKcS4_RKT_RKT0_
FNDA:1,_ZN7testing8internal18CmpHelperEQFailureIxxEENS_15AssertionResultEPKcS4_RKT_RKT0_
FN:1355,_ZN7testing8internal11CmpHelperEQIddEENS_15AssertionResultEPKcS4_RKT_RKT0_
FNDA:2,_ZN7testing8internal11CmpHelperEQIddEENS_15AssertionResultEPKcS4_RKT_RKT0_
FN:1355,_ZN7testing8internal11CmpHelperEQIdiEENS_15AssertionResultEPKcS4_RKT_RKT0_
FNDA:9,_ZN7testing8internal11CmpHelperEQIdiEENS_15AssertionResultEPKcS4_RKT_RKT0_
FN:1355,_ZN7testing8internal11CmpHelperEQIxxEENS_15AssertionResultEPKcS4_RKT_RKT0_
FNDA:24,_ZN7testing8internal11CmpHelperEQIxxEENS_15AssertionResultEPKcS4_RKT_RKT0_
FN:1374,_ZN7testing8internal8EqHelper7CompareIddLPv0EEENS_15AssertionResultEPKcS6_RKT_RKT0_
FNDA:2,_ZN7testing8internal8EqHelper7CompareIddLPv0EEENS_15AssertionResultEPKcS6_RKT_RKT0_
FN:1374,_ZN7testing8internal8EqHelper7CompareIdiLPv0EEENS_15AssertionResultEPKcS6_RKT_RKT0_
FNDA:9,_ZN7testing8internal8EqHelper7CompareIdiLPv0EEENS_15AssertionResultEPKcS6_RKT_RKT0_
FN:1386,_ZN7testing8internal8EqHelper7CompareEPKcS3_xx
FNDA:24,_ZN7testing8internal8EqHelper7CompareEPKcS3_xx
DA:244,0
DA:252,0
DA:257,0
DA:258,0
DA:339,0
DA:1338,0
DA:1343,0
DA:1338,0
DA:1343,0
DA:1338,1
DA:1343,1
DA:1355,2
DA:1358,2
DA:1359,2
DA:1362,0
DA:1355,9
DA:1358,9
DA:1359,9
DA:1362,0
DA:1355,24
DA:1358,24
DA:1359,23
DA:1362,1
DA:1374,2
DA:1377,2
DA:1374,9
DA:1377,9
DA:1386,24
DA:1389,24
end_of_record
SF:/usr/include/c++/9/bits/alloc_traits.h
FN:513,_ZNSt16allocator_traitsISaIcEE37select_on_container_copy_constructionERKS0_
FNDA:0,_ZNSt16allocator_traitsISaIcEE37select_on_container_copy_constructionERKS0_
DA:513,0
DA:514,0
end_of_record
SF:/mnt/c/Users/KIIT/Desktop/Keploy project/UnitTestGenerator/cpp-unit-gen/build/_deps/googletest-src/googletest/include/gtest/internal/gtest-type-util.h
FN:57,_ZN7testing8internal31CanonicalizeForStdLibVersioningENSt7__cxx1112basic_stringIcSt11char_traitsIcESaIcEEE
FNDA:0,_ZN7testing8internal31CanonicalizeForStdLibVersioningENSt7__cxx1112basic_stringIcSt11char_traitsIcESaIcEEE
FN:71,_ZN7testing8internal11GetTypeNameB5cxx11ERKSt9type_info
FNDA:0,_ZN7testing8internal11GetTypeNameB5cxx11ERKSt9type_info
DA:57,0
DA:59,0
DA:60,0
DA:61,0
DA:63,0
DA:66,0
DA:71,0
DA:72,0
DA:74,0
DA:80,0
DA:81,0
DA:82,0
DA:83,0
end_of_record
SF:/usr/include/c++/9/typeinfo
FN:99,_ZNKSt9type_info4nameEv
FNDA:0,_ZNKSt9type_info4nameEv
DA:99,0
DA:100,0
end_of_record
SF:/mnt/c/Users/KIIT/Desktop/Keploy project/UnitTestGenerator/cpp-unit-gen/build/_deps/googletest-src/googletest/include/gtest/internal/gtest-port.h
FN:967,_ZN7testing8internal8GTestLog9GetStreamEv
FNDA:0,_ZN7testing8internal8GTestLog9GetStreamEv
DA:967,0
end_of_record
SF:/usr/include/c++/9/bits/char_traits.h
FN:100,_ZN9__gnu_cxx11char_traitsIcE2eqERKcS3_
FNDA:0,_ZN9__gnu_cxx11char_traitsIcE2eqERKcS3_
FN:161,_ZN9__gnu_cxx11char_traitsIcE6lengthEPKc
FNDA:0,_ZN9__gnu_cxx11char_traitsIcE6lengthEPKc
FN:336,_ZNSt11char_traitsIcE6lengthEPKc
FNDA:201,_ZNSt11char_traitsIcE6lengthEPKc
FN:368,_ZNSt11char_traitsIcE4copyEPcPKcm
FNDA:0,_ZNSt11char_traitsIcE4copyEPcPKcm
DA:100,0
DA:101,0
DA:161,0
DA:164,0
DA:165,0
DA:166,0
DA:167,0
DA:236,201
DA:336,201
DA:339,201
DA:340,0
DA:342,201
DA:368,0
DA:370,0
DA:371,0
DA:372,0
end_of_record
SF:/usr/include/c++/9/ext/alloc_traits.h
FN:97,_ZN9__gnu_cxx14__alloc_traitsISaIcEcE17_S_select_on_copyERKS1_
FNDA:0,_ZN9__gnu_cxx14__alloc_traitsISaIcEcE17_S_select_on_copyERKS1_
DA:97,0
DA:98,0
end_of_record
SF:/usr/include/c++/9/bits/stl_iterator_base_types.h
FN:205,_ZSt19__iterator_categoryIPcENSt15iterator_traitsIT_E17iterator_categoryERKS2_
FNDA:0,_ZSt19__iterator_categoryIPcENSt15iterator_traitsIT_E17iterator_categoryERKS2_
FN:205,_ZSt19__iterator_categoryIPKcENSt15iterator_traitsIT_E17iterator_categoryERKS3_
FNDA:215,_ZSt19__iterator_categoryIPKcENSt15iterator_traitsIT_E17iterator_categoryERKS3_
DA:205,0
DA:206,0
DA:205,215
DA:206,215
end_of_record
SF:/usr/include/c++/9/ext/type_traits.h
FN:152,_ZN9__gnu_cxx17__is_null_pointerIcEEbPT_
FNDA:0,_ZN9__gnu_cxx17__is_null_pointerIcEEbPT_
FN:152,_ZN9__gnu_cxx17__is_null_pointerIKcEEbPT_
FNDA:215,_ZN9__gnu_cxx17__is_null_pointerIKcEEbPT_
DA:152,0
DA:153,0
DA:152,215
DA:153,215
end_of_record
SF:/mnt/c/Users/KIIT/Desktop/Keploy project/UnitTestGenerator/cpp-unit-gen/build/_deps/googletest-src/googletest/include/gtest/internal/gtest-internal.h
FN:450,_ZN7testing8internal15TestFactoryBaseD2Ev
FNDA:30,_ZN7testing8internal15TestFactoryBaseD2Ev
FN:450,_ZN7testing8internal15TestFactoryBaseD0Ev
FNDA:0,_ZN7testing8internal15TestFactoryBaseD0Ev
FN:457,_ZN7testing8internal15TestFactoryBaseC2Ev
FNDA:30,_ZN7testing8internal15TestFactoryBaseC2Ev
FN:469,_ZN7testing8internal15TestFactoryImplIN15calculator_test45CalculatorTest_DivideNegativeAndPositive_TestEE10CreateTestEv
FNDA:1,_ZN7testing8internal15TestFactoryImplIN15calculator_test45CalculatorTest_DivideNegativeAndPositive_TestEE10CreateTestEv
FN:469,_ZN7testing8internal15TestFactoryImplIN15calculator_test38CalculatorTest_ZeroDivisionByZero_TestEE10CreateTestEv
FNDA:1,_ZN7testing8internal15TestFactoryImplIN15calculator_test38CalculatorTest_ZeroDivisionByZero_TestEE10CreateTestEv
FN:469,_ZN7testing8internal15TestFactoryImplIN15calculator_test31CalculatorTest_DivideByOne_TestEE10CreateTestEv
FNDA:1,_ZN7testing8internal15TestFactoryImplIN15calculator_test31CalculatorTest_DivideByOne_TestEE10CreateTestEv
FN:469,_ZN7testing8internal15TestFactoryImplIN15calculator_test38CalculatorTest_AddPositiveNumbers_TestEE10CreateTestEv
FNDA:1,_ZN7testing8internal15TestFactoryImplIN15calculator_test38CalculatorTest_AddPositiveNumbers_TestEE10CreateTestEv
FN:469,_ZN7testing8internal15TestFactoryImplIN15calculator_test47CalculatorTest_MultiplyNegativeAndPositive_TestEE10CreateTestEv
FNDA:1,_ZN7testing8internal15TestFactoryImplIN15calculator_test47CalculatorTest_MultiplyNegativeAndPositive_TestEE10CreateTestEv
FN:469,_ZN7testing8internal15TestFactoryImplIN15calculator_test47CalculatorTest_SubtractNegativeAndPositive_TestEE10CreateTestEv
FNDA:1,_ZN7testing8internal15TestFactoryImplIN15calculator_test47CalculatorTest_SubtractNegativeAndPositive_TestEE10CreateTestEv
FN:469,_ZN7testing8internal15TestFactoryImplIN15calculator_test42CalculatorTest_AddNegativeAndPositive_TestEE10CreateTestEv
FNDA:1,_ZN7testing8internal15TestFactoryImplIN15calculator_test42CalculatorTest_AddNegativeAndPositive_TestEE10CreateTestEv
FN:469,_ZN7testing8internal15TestFactoryImplIN15calculator_test38CalculatorTest_DivideLargeNumbers_TestEE10CreateTestEv
FNDA:1,_ZN7testing8internal15TestFactoryImplIN15calculator_test38CalculatorTest_DivideLargeNumbers_TestEE10CreateTestEv
FN:469,_ZN7testing8internal15TestFactoryImplIN15calculator_test40CalculatorTest_MultiplyLargeNumbers_TestEE10CreateTestEv
FNDA:1,_ZN7testing8internal15TestFactoryImplIN15calculator_test40CalculatorTest_MultiplyLargeNumbers_TestEE10CreateTestEv
FN:469,_ZN7testing8internal15TestFactoryImplIN15calculator_test40CalculatorTest_SubtractLargeNumbers_TestEE10CreateTestEv
FNDA:1,_ZN7testing8internal15TestFactoryImplIN15calculator_test40CalculatorTest_SubtractLargeNumbers_TestEE10CreateTestEv
FN:469,_ZN7testing8internal15TestFactoryImplIN15calculator_test35CalculatorTest_AddLargeNumbers_TestEE10CreateTestEv
FNDA:1,_ZN7testing8internal15TestFactoryImplIN15calculator_test35CalculatorTest_AddLargeNumbers_TestEE10CreateTestEv
FN:469,_ZN7testing8internal15TestFactoryImplIN15calculator_test32CalculatorTest_DivideByZero_TestEE10CreateTestEv
FNDA:1,_ZN7testing8internal15TestFactoryImplIN15calculator_test32CalculatorTest_DivideByZero_TestEE10CreateTestEv
FN:469,_ZN7testing8internal15TestFactoryImplIN15calculator_test41CalculatorTest_DividePositiveNumbers_TestEE10CreateTestEv
FNDA:1,_ZN7testing8internal15TestFactoryImplIN15calculator_test41CalculatorTest_DividePositiveNumbers_TestEE10CreateTestEv
FN:469,_ZN7testing8internal15TestFactoryImplIN15calculator_test43CalculatorTest_MultiplyPositiveNumbers_TestEE10CreateTestEv
FNDA:1,_ZN7testing8internal15TestFactoryImplIN15calculator_test43CalculatorTest_MultiplyPositiveNumbers_TestEE10CreateTestEv
FN:469,_ZN7testing8internal15TestFactoryImplIN15calculator_test43CalculatorTest_SubtractPositiveNumbers_TestEE10CreateTestEv
FNDA:1,_ZN7testing8internal15TestFactoryImplIN15calculator_test43CalculatorTest_SubtractPositiveNumbers_TestEE10CreateTestEv
FN:490,_ZN7testing8internal12CodeLocationC2ERKNSt7__cxx1112basic_stringIcSt11char_traitsIcESaIcEEEi
FNDA:30,_ZN7testing8internal12CodeLocationC2ERKNSt7__cxx1112basic_stringIcSt11char_traitsIcESaIcEEEi
FN:503,_ZN7testing8internal19GetNotDefaultOrNullEPFvvES2_
FNDA:120,_ZN7testing8internal19GetNotDefaultOrNullEPFvvES2_
FN:518,_ZN7testing8internal16SuiteApiResolverINS_4TestEE19GetSetUpCaseOrSuiteEPKci
FNDA:30,_ZN7testing8internal16SuiteApiResolverINS_4TestEE19GetSetUpCaseOrSuiteEPKci
FN:539,_ZN7testing8internal16SuiteApiResolverINS_4TestEE22GetTearDownCaseOrSuiteEPKci
FNDA:30,_ZN7testing8internal16SuiteApiResolverINS_4TestEE22GetTearDownCaseOrSuiteEPKci
FN:856,_ZN7testing8internal14TrueWithStringC2Ev
FNDA:3,_ZN7testing8internal14TrueWithStringC2Ev
FN:859,_ZNK7testing8internal14TrueWithStringcvbEv
FNDA:3,_ZNK7testing8internal14TrueWithStringcvbEv
DA:450,0
DA:450,30
DA:457,30
DA:469,1
DA:469,1
DA:469,1
DA:469,1
DA:469,1
DA:469,1
DA:469,1
DA:469,1
DA:469,1
DA:469,1
DA:469,1
DA:469,1
DA:469,1
DA:469,1
DA:469,1
DA:490,30
DA:491,30
DA:503,120
DA:505,120
DA:518,30
DA:522,30
DA:524,30
DA:526,30
DA:529,0
DA:531,30
DA:539,30
DA:543,30
DA:545,30
DA:547,30
DA:550,0
DA:552,30
DA:856,3
DA:859,3
end_of_record
SF:/mnt/c/Users/KIIT/Desktop/Keploy project/UnitTestGenerator/cpp-unit-gen/build/_deps/googletest-src/googletest/include/gtest/gtest-assertion-result.h
FN:174,_ZNK7testing15AssertionResultcvbEv
FNDA:35,_ZNK7testing15AssertionResultcvbEv
FN:183,_ZNK7testing15AssertionResult7messageEv
FNDA:1,_ZNK7testing15AssertionResult7messageEv
FN:187,_ZNK7testing15AssertionResult15failure_messageEv
FNDA:1,_ZNK7testing15AssertionResult15failure_messageEv
DA:174,35
DA:183,1
DA:184,1
DA:187,1
end_of_record
TN:
SF:/usr/include/c++/9/new
FN:173,_ZnwmPv
FNDA:102,_ZnwmPv
FN:179,_ZdlPvS_
FNDA:0,_ZdlPvS_
DA:173,102
DA:174,102
DA:179,0
end_of_record
SF:/usr/include/c++/9/bits/char_traits.h
FN:100,_ZN9__gnu_cxx11char_traitsIwE2eqERKwS3_
FNDA:0,_ZN9__gnu_cxx11char_traitsIwE2eqERKwS3_
FN:100,_ZN9__gnu_cxx11char_traitsIcE2eqERKcS3_
FNDA:0,_ZN9__gnu_cxx11char_traitsIcE2eqERKcS3_
FN:161,_ZN9__gnu_cxx11char_traitsIwE6lengthEPKw
FNDA:0,_ZN9__gnu_cxx11char_traitsIwE6lengthEPKw
FN:161,_ZN9__gnu_cxx11char_traitsIcE6lengthEPKc
FNDA:0,_ZN9__gnu_cxx11char_traitsIcE6lengthEPKc
FN:307,_ZNSt11char_traitsIcE2ltERKcS2_
FNDA:0,_ZNSt11char_traitsIcE2ltERKcS2_
FN:315,_ZNSt11char_traitsIcE7compareEPKcS2_m
FNDA:0,_ZNSt11char_traitsIcE7compareEPKcS2_m
FN:336,_ZNSt11char_traitsIcE6lengthEPKc
FNDA:0,_ZNSt11char_traitsIcE6lengthEPKc
FN:368,_ZNSt11char_traitsIcE4copyEPcPKcm
FNDA:0,_ZNSt11char_traitsIcE4copyEPcPKcm
FN:445,_ZNSt11char_traitsIwE6lengthEPKw
FNDA:0,_ZNSt11char_traitsIwE6lengthEPKw
FN:654,_ZNSt11char_traitsIDsE2eqERKDsS2_
FNDA:0,_ZNSt11char_traitsIDsE2eqERKDsS2_
FN:673,_ZNSt11char_traitsIDsE6lengthEPKDs
FNDA:0,_ZNSt11char_traitsIDsE6lengthEPKDs
FN:757,_ZNSt11char_traitsIDiE2eqERKDiS2_
FNDA:0,_ZNSt11char_traitsIDiE2eqERKDiS2_
FN:776,_ZNSt11char_traitsIDiE6lengthEPKDi
FNDA:0,_ZNSt11char_traitsIDiE6lengthEPKDi
DA:100,0
DA:101,0
DA:100,0
DA:101,0
DA:161,0
DA:164,0
DA:165,0
DA:166,0
DA:167,0
DA:161,0
DA:164,0
DA:165,0
DA:166,0
DA:167,0
DA:236,0
DA:307,0
DA:310,0
DA:311,0
DA:315,0
DA:317,0
DA:318,0
DA:320,0
DA:322,0
DA:324,0
DA:325,0
DA:326,0
DA:327,0
DA:328,0
DA:329,0
DA:332,0
DA:336,0
DA:339,0
DA:340,0
DA:342,0
DA:368,0
DA:370,0
DA:371,0
DA:372,0
DA:445,0
DA:448,0
DA:449,0
DA:451,0
DA:654,0
DA:655,0
DA:673,0
DA:675,0
DA:676,0
DA:677,0
DA:678,0
DA:757,0
DA:758,0
DA:776,0
DA:778,0
DA:779,0
DA:780,0
DA:781,0
end_of_record
SF:/mnt/c/Users/KIIT/Desktop/Keploy project/UnitTestGenerator/cpp-unit-gen/build/_deps/googletest-src/googletest/src/gtest-port.cc
FN:97,_ZN7testing8internal12_GLOBAL__N_117ReadProcFileFieldImEET_RKNSt7__cxx1112basic_stringIcSt11char_traitsIcESaIcEEEi
FNDA:0,_ZN7testing8internal12_GLOBAL__N_117ReadProcFileFieldImEET_RKNSt7__cxx1112basic_stringIcSt11char_traitsIcESaIcEEEi
FN:110,_ZN7testing8internal14GetThreadCountEv
FNDA:0,_ZN7testing8internal14GetThreadCountEv
FN:662,_ZN7testing8internal2RED2Ev
FNDA:0,_ZN7testing8internal2RED2Ev
FN:675,_ZN7testing8internal2RE9FullMatchEPKcRKS1_
FNDA:0,_ZN7testing8internal2RE9FullMatchEPKcRKS1_
FN:684,_ZN7testing8internal2RE12PartialMatchEPKcRKS1_
FNDA:0,_ZN7testing8internal2RE12PartialMatchEPKcRKS1_
FN:692,_ZN7testing8internal2RE4InitEPKc
FNDA:0,_ZN7testing8internal2RE4InitEPKc
FN:979,_ZN7testing8internal18FormatFileLocationB5cxx11EPKci
FNDA:1,_ZN7testing8internal18FormatFileLocationB5cxx11EPKci
FN:997,_ZN7testing8internal37FormatCompilerIndependentFileLocationB5cxx11EPKci
FNDA:0,_ZN7testing8internal37FormatCompilerIndependentFileLocationB5cxx11EPKci
FN:1007,_ZN7testing8internal8GTestLogC2ENS0_16GTestLogSeverityEPKci
FNDA:0,_ZN7testing8internal8GTestLogC2ENS0_16GTestLogSeverityEPKci
FN:1019,_ZN7testing8internal8GTestLogD2Ev
FNDA:0,_ZN7testing8internal8GTestLogD2Ev
FN:1037,_ZN7testing8internal14CapturedStreamC2Ei
FNDA:0,_ZN7testing8internal14CapturedStreamC2Ei
FN:1115,_ZN7testing8internal14CapturedStreamD2Ev
FNDA:0,_ZN7testing8internal14CapturedStreamD2Ev
FN:1117,_ZN7testing8internal14CapturedStream17GetCapturedStringB5cxx11Ev
FNDA:0,_ZN7testing8internal14CapturedStream17GetCapturedStringB5cxx11Ev
FN:1152,_ZN7testing8internalL13CaptureStreamEiPKcPPNS0_14CapturedStreamE
FNDA:0,_ZN7testing8internalL13CaptureStreamEiPKcPPNS0_14CapturedStreamE
FN:1162,_ZN7testing8internalL17GetCapturedStreamEPPNS0_14CapturedStreamE
FNDA:0,_ZN7testing8internalL17GetCapturedStreamEPPNS0_14CapturedStreamE
FN:1181,_ZN7testing8internal13CaptureStdoutEv
FNDA:0,_ZN7testing8internal13CaptureStdoutEv
FN:1186,_ZN7testing8internal13CaptureStderrEv
FNDA:0,_ZN7testing8internal13CaptureStderrEv
FN:1191,_ZN7testing8internal17GetCapturedStdoutB5cxx11Ev
FNDA:0,_ZN7testing8internal17GetCapturedStdoutB5cxx11Ev
FN:1196,_ZN7testing8internal17GetCapturedStderrB5cxx11Ev
FNDA:0,_ZN7testing8internal17GetCapturedStderrB5cxx11Ev
FN:1202,_ZN7testing8internal11GetFileSizeEP8_IO_FILE
FNDA:0,_ZN7testing8internal11GetFileSizeEP8_IO_FILE
FN:1207,_ZN7testing8internal14ReadEntireFileB5cxx11EP8_IO_FILE
FNDA:0,_ZN7testing8internal14ReadEntireFileB5cxx11EP8_IO_FILE
FN:1234,_ZN7testing8internal18GetInjectableArgvsB5cxx11Ev
FNDA:0,_ZN7testing8internal18GetInjectableArgvsB5cxx11Ev
FN:1241,_ZN7testing8internal18SetInjectableArgvsEPKSt6vectorINSt7__cxx1112basic_stringIcSt11char_traitsIcESaIcEEESaIS7_EE
FNDA:0,_ZN7testing8internal18SetInjectableArgvsEPKSt6vectorINSt7__cxx1112basic_stringIcSt11char_traitsIcESaIcEEESaIS7_EE
FN:1246,_ZN7testing8internal18SetInjectableArgvsERKSt6vectorINSt7__cxx1112basic_stringIcSt11char_traitsIcESaIcEEESaIS7_EE
FNDA:0,_ZN7testing8internal18SetInjectableArgvsERKSt6vectorINSt7__cxx1112basic_stringIcSt11char_traitsIcESaIcEEESaIS7_EE
FN:1251,_ZN7testing8internal20ClearInjectableArgvsEv
FNDA:0,_ZN7testing8internal20ClearInjectableArgvsEv
FN:1269,_ZN7testing8internalL12FlagToEnvVarEPKc
FNDA:42,_ZN7testing8internalL12FlagToEnvVarEPKc
FN:1284,_ZN7testing8internal10ParseInt32ERKNS_7MessageEPKcPi
FNDA:0,_ZN7testing8internal10ParseInt32ERKNS_7MessageEPKcPi
FN:1326,_ZN7testing8internal16BoolFromGTestEnvEPKcb
FNDA:24,_ZN7testing8internal16BoolFromGTestEnvEPKcb
FN:1340,_ZN7testing8internal17Int32FromGTestEnvEPKci
FNDA:6,_ZN7testing8internal17Int32FromGTestEnvEPKci
FN:1372,_ZN7testing8internal25OutputFlagAlsoCheckEnvVarB5cxx11Ev
FNDA:2,_ZN7testing8internal25OutputFlagAlsoCheckEnvVarB5cxx11Ev
FN:1383,_ZN7testing8internal18StringFromGTestEnvEPKcS2_
FNDA:12,_ZN7testing8internal18StringFromGTestEnvEPKcS2_
DA:97,0
DA:98,0
DA:99,0
DA:100,0
DA:101,0
DA:103,0
DA:104,0
DA:105,0
DA:110,0
DA:112,0
DA:113,0
DA:662,0
DA:663,0
DA:668,0
DA:669,0
DA:671,0
DA:672,0
DA:675,0
DA:676,0
DA:679,0
DA:684,0
DA:685,0
DA:688,0
DA:692,0
DA:693,0
DA:697,0
DA:698,0
DA:700,0
DA:701,0
DA:710,0
DA:711,0
DA:712,0
DA:714,0
DA:715,0
DA:716,0
DA:718,0
DA:719,0
DA:979,1
DA:980,2
DA:982,1
DA:983,0
DA:988,2
DA:997,0
DA:999,0
DA:1001,0
DA:1002,0
DA:1004,0
DA:1007,0
DA:1008,0
DA:1009,0
DA:1013,0
DA:1014,0
DA:1015,0
DA:1016,0
DA:1019,0
DA:1020,0
DA:1021,0
DA:1022,0
DA:1023,0
DA:1025,0
DA:1037,0
DA:1055,0
DA:1092,0
DA:1094,0
DA:1102,0
DA:1103,0
DA:1104,0
DA:1106,0
DA:1108,0
DA:1110,0
DA:1111,0
DA:1112,0
DA:1113,0
DA:1115,0
DA:1117,0
DA:1118,0
DA:1120,0
DA:1121,0
DA:1122,0
DA:1123,0
DA:1126,0
DA:1127,0
DA:1128,0
DA:1129,0
DA:1131,0
DA:1132,0
DA:1133,0
DA:1152,0
DA:1154,0
DA:1155,0
DA:1156,0
DA:1158,0
DA:1159,0
DA:1162,0
DA:1163,0
DA:1165,0
DA:1166,0
DA:1168,0
DA:1181,0
DA:1182,0
DA:1183,0
DA:1186,0
DA:1187,0
DA:1188,0
DA:1191,0
DA:1192,0
DA:1196,0
DA:1197,0
DA:1202,0
DA:1203,0
DA:1204,0
DA:1207,0
DA:1208,0
DA:1209,0
DA:1211,0
DA:1212,0
DA:1214,0
DA:1218,0
DA:1220,0
DA:1221,0
DA:1222,0
DA:1224,0
DA:1225,0
DA:1227,0
DA:1234,0
DA:1235,0
DA:1236,0
DA:1238,0
DA:1241,0
DA:1242,0
DA:1243,0
DA:1244,0
DA:1246,0
DA:1247,0
DA:1248,0
DA:1249,0
DA:1251,0
DA:1252,0
DA:1253,0
DA:1254,0
DA:1269,42
DA:1271,84
DA:1273,84
DA:1274,870
DA:1275,828
DA:1278,84
DA:1284,0
DA:1286,0
DA:1287,0
DA:1290,0
DA:1292,0
DA:1293,0
DA:1294,0
DA:1295,0
DA:1296,0
DA:1297,0
DA:1298,0
DA:1302,0
DA:1303,0
DA:1306,0
DA:1309,0
DA:1310,0
DA:1311,0
DA:1312,0
DA:1313,0
DA:1314,0
DA:1315,0
DA:1318,0
DA:1319,0
DA:1326,24
DA:1330,24
DA:1331,24
DA:1332,24
DA:1333,48
DA:1340,6
DA:1344,12
DA:1345,6
DA:1346,6
DA:1348,6
DA:1351,0
DA:1352,0
DA:1354,0
DA:1355,0
DA:1356,0
DA:1357,0
DA:1360,0
DA:1372,2
DA:1373,2
DA:1374,2
DA:1375,2
DA:1376,0
DA:1378,2
DA:1383,12
DA:1387,12
DA:1388,12
DA:1389,24
end_of_record
SF:/usr/include/c++/9/bits/allocator.h
FN:137,_ZNSaIPN7testing17TestEventListenerEEC2Ev
FNDA:2,_ZNSaIPN7testing17TestEventListenerEEC2Ev
FN:137,_ZNSaIPN7testing8internal30ParameterizedTestSuiteInfoBaseEEC2Ev
FNDA:2,_ZNSaIPN7testing8internal30ParameterizedTestSuiteInfoBaseEEC2Ev
FN:137,_ZNSaIPcEC2Ev
FNDA:0,_ZNSaIPcEC2Ev
FN:137,_ZNSaISt13_Rb_tree_nodeINSt7__cxx1112basic_stringIcSt11char_traitsIcESaIcEEEEEC2Ev
FNDA:2,_ZNSaISt13_Rb_tree_nodeINSt7__cxx1112basic_stringIcSt11char_traitsIcESaIcEEEEEC2Ev
FN:137,_ZNSaIN7testing14TestPartResultEEC2Ev
FNDA:34,_ZNSaIN7testing14TestPartResultEEC2Ev
FN:137,_ZNSaImEC2Ev
FNDA:0,_ZNSaImEC2Ev
FN:137,_ZNSaISt13_Rb_tree_nodeISt4pairIKNSt7__cxx1112basic_stringIcSt11char_traitsIcESaIcEEEmEEEC2Ev
FNDA:0,_ZNSaISt13_Rb_tree_nodeISt4pairIKNSt7__cxx1112basic_stringIcSt11char_traitsIcESaIcEEEmEEEC2Ev
FN:137,_ZNSaISt10_List_nodeISt4pairIcPKcEEEC2Ev
FNDA:0,_ZNSaISt10_List_nodeISt4pairIcPKcEEEC2Ev
FN:137,_ZNSaIN7testing12TestPropertyEEC2Ev
FNDA:34,_ZNSaIN7testing12TestPropertyEEC2Ev
FN:137,_ZNSaIPN7testing8TestInfoEEC2Ev
FNDA:2,_ZNSaIPN7testing8TestInfoEEC2Ev
FN:137,_ZNSaIiEC2Ev
FNDA:4,_ZNSaIiEC2Ev
FN:137,_ZNSaIPN7testing11EnvironmentEEC2Ev
FNDA:2,_ZNSaIPN7testing11EnvironmentEEC2Ev
FN:137,_ZNSaIPN7testing9TestSuiteEEC2Ev
FNDA:2,_ZNSaIPN7testing9TestSuiteEEC2Ev
FN:137,_ZNSaISt13_Rb_tree_nodeISt4pairIKNSt7__cxx1112basic_stringIcSt11char_traitsIcESaIcEEEN7testing8internal34TypeParameterizedTestSuiteRegistry30TypeParameterizedTestSuiteInfoEEEEC2Ev
FNDA:2,_ZNSaISt13_Rb_tree_nodeISt4pairIKNSt7__cxx1112basic_stringIcSt11char_traitsIcESaIcEEEN7testing8internal34TypeParameterizedTestSuiteRegistry30TypeParameterizedTestSuiteInfoEEEEC2Ev
FN:137,_ZNSaIN7testing8internal9TraceInfoEEC2Ev
FNDA:1,_ZNSaIN7testing8internal9TraceInfoEEC2Ev
FN:137,_ZNSaINSt7__cxx1112basic_stringIcSt11char_traitsIcESaIcEEEEC2Ev
FNDA:30,_ZNSaINSt7__cxx1112basic_stringIcSt11char_traitsIcESaIcEEEEC2Ev
FN:137,_ZNSaINSt8__detail10_Hash_nodeINSt7__cxx1112basic_stringIcSt11char_traitsIcESaIcEEELb1EEEEC2Ev
FNDA:10,_ZNSaINSt8__detail10_Hash_nodeINSt7__cxx1112basic_stringIcSt11char_traitsIcESaIcEEELb1EEEEC2Ev
FN:137,_ZNSaIdEC2Ev
FNDA:0,_ZNSaIdEC2Ev
FN:137,_ZNSaISt6vectorIdSaIdEEEC2Ev
FNDA:0,_ZNSaISt6vectorIdSaIdEEEC2Ev
FN:137,_ZNSaIN7testing8internal13edit_distance8EditTypeEEC2Ev
FNDA:0,_ZNSaIN7testing8internal13edit_distance8EditTypeEEC2Ev
FN:137,_ZNSaISt6vectorIN7testing8internal13edit_distance8EditTypeESaIS3_EEEC2Ev
FNDA:0,_ZNSaISt6vectorIN7testing8internal13edit_distance8EditTypeESaIS3_EEEC2Ev
FN:140,_ZNSaIN7testing8internal13edit_distance8EditTypeEEC2ERKS3_
FNDA:0,_ZNSaIN7testing8internal13edit_distance8EditTypeEEC2ERKS3_
FN:140,_ZNSaINSt7__cxx1112basic_stringIcSt11char_traitsIcESaIcEEEEC2ERKS5_
FNDA:12,_ZNSaINSt7__cxx1112basic_stringIcSt11char_traitsIcESaIcEEEEC2ERKS5_
FN:140,_ZNSaIdEC2ERKS_
FNDA:0,_ZNSaIdEC2ERKS_
FN:140,_ZNSaISt6vectorIdSaIdEEEC2ERKS2_
FNDA:0,_ZNSaISt6vectorIdSaIdEEEC2ERKS2_
FN:140,_ZNSaISt6vectorIN7testing8internal13edit_distance8EditTypeESaIS3_EEEC2ERKS6_
FNDA:0,_ZNSaISt6vectorIN7testing8internal13edit_distance8EditTypeESaIS3_EEEC2ERKS6_
FN:150,_ZNSaIPNSt8__detail15_Hash_node_baseEEC2INS_10_Hash_nodeINSt7__cxx1112basic_stringIcSt11char_traitsIcESaIcEEELb1EEEEERKSaIT_E
FNDA:0,_ZNSaIPNSt8__detail15_Hash_node_baseEEC2INS_10_Hash_nodeINSt7__cxx1112basic_stringIcSt11char_traitsIcESaIcEEELb1EEEEERKSaIT_E
FN:152,_ZNSaIPN7testing9TestSuiteEED2Ev
FNDA:2,_ZNSaIPN7testing9TestSuiteEED2Ev
FN:152,_ZNSaIPcED2Ev
FNDA:0,_ZNSaIPcED2Ev
FN:152,_ZNSaISt13_Rb_tree_nodeINSt7__cxx1112basic_stringIcSt11char_traitsIcESaIcEEEEED2Ev
FNDA:2,_ZNSaISt13_Rb_tree_nodeINSt7__cxx1112basic_stringIcSt11char_traitsIcESaIcEEEEED2Ev
FN:152,_ZNSaINSt8__detail10_Hash_nodeINSt7__cxx1112basic_stringIcSt11char_traitsIcESaIcEEELb1EEEED2Ev
FNDA:10,_ZNSaINSt8__detail10_Hash_nodeINSt7__cxx1112basic_stringIcSt11char_traitsIcESaIcEEELb1EEEED2Ev
FN:152,_ZNSaINSt7__cxx1112basic_stringIcSt11char_traitsIcESaIcEEEED2Ev
FNDA:42,_ZNSaINSt7__cxx1112basic_stringIcSt11char_traitsIcESaIcEEEED2Ev
FN:152,_ZNSaIdED2Ev
FNDA:0,_ZNSaIdED2Ev
FN:152,_ZNSaISt6vectorIdSaIdEEED2Ev
FNDA:0,_ZNSaISt6vectorIdSaIdEEED2Ev
FN:152,_ZNSaIPN7testing8internal30ParameterizedTestSuiteInfoBaseEED2Ev
FNDA:2,_ZNSaIPN7testing8internal30ParameterizedTestSuiteInfoBaseEED2Ev
FN:152,_ZNSaIN7testing14TestPartResultEED2Ev
FNDA:34,_ZNSaIN7testing14TestPartResultEED2Ev
FN:152,_ZNSaIN7testing8internal13edit_distance8EditTypeEED2Ev
FNDA:0,_ZNSaIN7testing8internal13edit_distance8EditTypeEED2Ev
FN:152,_ZNSaISt6vectorIN7testing8internal13edit_distance8EditTypeESaIS3_EEED2Ev
FNDA:0,_ZNSaISt6vectorIN7testing8internal13edit_distance8EditTypeESaIS3_EEED2Ev
FN:152,_ZNSaImED2Ev
FNDA:0,_ZNSaImED2Ev
FN:152,_ZNSaISt13_Rb_tree_nodeISt4pairIKNSt7__cxx1112basic_stringIcSt11char_traitsIcESaIcEEEmEEED2Ev
FNDA:0,_ZNSaISt13_Rb_tree_nodeISt4pairIKNSt7__cxx1112basic_stringIcSt11char_traitsIcESaIcEEEmEEED2Ev
FN:152,_ZNSaISt10_List_nodeISt4pairIcPKcEEED2Ev
FNDA:0,_ZNSaISt10_List_nodeISt4pairIcPKcEEED2Ev
FN:152,_ZNSaIN7testing12TestPropertyEED2Ev
FNDA:34,_ZNSaIN7testing12TestPropertyEED2Ev
FN:152,_ZNSaIPN7testing8TestInfoEED2Ev
FNDA:2,_ZNSaIPN7testing8TestInfoEED2Ev
FN:152,_ZNSaIiED2Ev
FNDA:4,_ZNSaIiED2Ev
FN:152,_ZNSaIPN7testing17TestEventListenerEED2Ev
FNDA:2,_ZNSaIPN7testing17TestEventListenerEED2Ev
FN:152,_ZNSaIPN7testing11EnvironmentEED2Ev
FNDA:2,_ZNSaIPN7testing11EnvironmentEED2Ev
FN:152,_ZNSaISt13_Rb_tree_nodeISt4pairIKNSt7__cxx1112basic_stringIcSt11char_traitsIcESaIcEEEN7testing8internal34TypeParameterizedTestSuiteRegistry30TypeParameterizedTestSuiteInfoEEEED2Ev
FNDA:2,_ZNSaISt13_Rb_tree_nodeISt4pairIKNSt7__cxx1112basic_stringIcSt11char_traitsIcESaIcEEEN7testing8internal34TypeParameterizedTestSuiteRegistry30TypeParameterizedTestSuiteInfoEEEED2Ev
FN:152,_ZNSaIPNSt8__detail15_Hash_node_baseEED2Ev
FNDA:0,_ZNSaIPNSt8__detail15_Hash_node_baseEED2Ev
FN:152,_ZNSaIN7testing8internal9TraceInfoEED2Ev
FNDA:1,_ZNSaIN7testing8internal9TraceInfoEED2Ev
FN:237,_ZNSt11__alloc_neqISaISt10_List_nodeISt4pairIcPKcEEELb1EE8_S_do_itERKS6_S9_
FNDA:0,_ZNSt11__alloc_neqISaISt10_List_nodeISt4pairIcPKcEEELb1EE8_S_do_itERKS6_S9_
DA:137,0
DA:137,30
DA:137,10
DA:137,0
DA:137,0
DA:137,0
DA:137,0
DA:137,34
DA:137,2
DA:137,0
DA:137,2
DA:137,1
DA:137,0
DA:137,0
DA:137,34
DA:137,2
DA:137,4
DA:137,2
DA:137,2
DA:137,2
DA:137,2
DA:140,0
DA:141,0
DA:140,0
DA:141,0
DA:140,0
DA:141,0
DA:140,0
DA:141,0
DA:140,12
DA:141,12
DA:150,0
DA:152,0
DA:152,34
DA:152,2
DA:152,42
DA:152,0
DA:152,2
DA:152,10
DA:152,0
DA:152,0
DA:152,0
DA:152,0
DA:152,1
DA:152,0
DA:152,0
DA:152,34
DA:152,2
DA:152,4
DA:152,2
DA:152,2
DA:152,2
DA:152,2
DA:152,0
DA:237,0
DA:238,0
end_of_record
SF:/mnt/c/Users/KIIT/Desktop/Keploy project/UnitTestGenerator/cpp-unit-gen/build/_deps/googletest-src/googletest/src/gtest-matchers.cc
FN:46,_ZN7testing7MatcherIRKNSt7__cxx1112basic_stringIcSt11char_traitsIcESaIcEEEEC2ES8_
FNDA:0,_ZN7testing7MatcherIRKNSt7__cxx1112basic_stringIcSt11char_traitsIcESaIcEEEEC2ES8_
FN:50,_ZN7testing7MatcherIRKNSt7__cxx1112basic_stringIcSt11char_traitsIcESaIcEEEEC2EPKc
FNDA:0,_ZN7testing7MatcherIRKNSt7__cxx1112basic_stringIcSt11char_traitsIcESaIcEEEEC2EPKc
FN:56,_ZN7testing7MatcherINSt7__cxx1112basic_stringIcSt11char_traitsIcESaIcEEEEC2ERKS6_
FNDA:0,_ZN7testing7MatcherINSt7__cxx1112basic_stringIcSt11char_traitsIcESaIcEEEEC2ERKS6_
FN:60,_ZN7testing7MatcherINSt7__cxx1112basic_stringIcSt11char_traitsIcESaIcEEEEC2EPKc
FNDA:0,_ZN7testing7MatcherINSt7__cxx1112basic_stringIcSt11char_traitsIcESaIcEEEEC2EPKc
FN:65,_ZN7testing7MatcherIRKSt17basic_string_viewIcSt11char_traitsIcEEEC2ERKNSt7__cxx1112basic_stringIcS3_SaIcEEE
FNDA:0,_ZN7testing7MatcherIRKSt17basic_string_viewIcSt11char_traitsIcEEEC2ERKNSt7__cxx1112basic_stringIcS3_SaIcEEE
FN:71,_ZN7testing7MatcherIRKSt17basic_string_viewIcSt11char_traitsIcEEEC2EPKc
FNDA:0,_ZN7testing7MatcherIRKSt17basic_string_viewIcSt11char_traitsIcEEEC2EPKc
FN:77,_ZN7testing7MatcherIRKSt17basic_string_viewIcSt11char_traitsIcEEEC2ES4_
FNDA:0,_ZN7testing7MatcherIRKSt17basic_string_viewIcSt11char_traitsIcEEEC2ES4_
FN:83,_ZN7testing7MatcherISt17basic_string_viewIcSt11char_traitsIcEEEC2ERKNSt7__cxx1112basic_stringIcS3_SaIcEEE
FNDA:0,_ZN7testing7MatcherISt17basic_string_viewIcSt11char_traitsIcEEEC2ERKNSt7__cxx1112basic_stringIcS3_SaIcEEE
FN:87,_ZN7testing7MatcherISt17basic_string_viewIcSt11char_traitsIcEEEC2EPKc
FNDA:0,_ZN7testing7MatcherISt17basic_string_viewIcSt11char_traitsIcEEEC2EPKc
FN:93,_ZN7testing7MatcherISt17basic_string_viewIcSt11char_traitsIcEEEC2ES4_
FNDA:0,_ZN7testing7MatcherISt17basic_string_viewIcSt11char_traitsIcEEEC2ES4_
DA:46,0
DA:50,0
DA:51,0
DA:52,0
DA:56,0
DA:60,0
DA:65,0
DA:66,0
DA:67,0
DA:71,0
DA:72,0
DA:73,0
DA:77,0
DA:78,0
DA:79,0
DA:83,0
DA:87,0
DA:88,0
DA:89,0
DA:93,0
DA:94,0
DA:95,0
end_of_record
SF:/mnt/c/Users/KIIT/Desktop/Keploy project/UnitTestGenerator/cpp-unit-gen/build/_deps/googletest-src/googletest/include/gtest/gtest-assertion-result.h
FN:155,_ZN7testing15AssertionResultC2IbEERKT_PNSt9enable_ifIXntsrSt14is_convertibleIS2_S0_E5valueEvE4typeE
FNDA:35,_ZN7testing15AssertionResultC2IbEERKT_PNSt9enable_ifIXntsrSt14is_convertibleIS2_S0_E5valueEvE4typeE
FN:174,_ZNK7testing15AssertionResultcvbEv
FNDA:0,_ZNK7testing15AssertionResultcvbEv
FN:183,_ZNK7testing15AssertionResult7messageEv
FNDA:0,_ZNK7testing15AssertionResult7messageEv
FN:187,_ZNK7testing15AssertionResult15failure_messageEv
FNDA:0,_ZNK7testing15AssertionResult15failure_messageEv
FN:191,_ZN7testing15AssertionResultlsIA6_cEERS0_RKT_
FNDA:0,_ZN7testing15AssertionResultlsIA6_cEERS0_RKT_
FN:191,_ZN7testing15AssertionResultlsINSt7__cxx1112basic_stringIcSt11char_traitsIcESaIcEEEEERS0_RKT_
FNDA:0,_ZN7testing15AssertionResultlsINSt7__cxx1112basic_stringIcSt11char_traitsIcESaIcEEEEERS0_RKT_
FN:191,_ZN7testing15AssertionResultlsINS_7MessageEEERS0_RKT_
FNDA:1,_ZN7testing15AssertionResultlsINS_7MessageEEERS0_RKT_
FN:191,_ZN7testing15AssertionResultlsIA11_cEERS0_RKT_
FNDA:0,_ZN7testing15AssertionResultlsIA11_cEERS0_RKT_
FN:191,_ZN7testing15AssertionResultlsIA2_cEERS0_RKT_
FNDA:0,_ZN7testing15AssertionResultlsIA2_cEERS0_RKT_
FN:191,_ZN7testing15AssertionResultlsINS_14TestPartResultEEERS0_RKT_
FNDA:0,_ZN7testing15AssertionResultlsINS_14TestPartResultEEERS0_RKT_
FN:191,_ZN7testing15AssertionResultlsIA14_cEERS0_RKT_
FNDA:0,_ZN7testing15AssertionResultlsIA14_cEERS0_RKT_
FN:191,_ZN7testing15AssertionResultlsIA3_cEERS0_RKT_
FNDA:0,_ZN7testing15AssertionResultlsIA3_cEERS0_RKT_
FN:191,_ZN7testing15AssertionResultlsIA24_cEERS0_RKT_
FNDA:0,_ZN7testing15AssertionResultlsIA24_cEERS0_RKT_
FN:191,_ZN7testing15AssertionResultlsIPKcEERS0_RKT_
FNDA:0,_ZN7testing15AssertionResultlsIPKcEERS0_RKT_
FN:191,_ZN7testing15AssertionResultlsINSt7__cxx1112basic_stringIwSt11char_traitsIwESaIwEEEEERS0_RKT_
FNDA:0,_ZN7testing15AssertionResultlsINSt7__cxx1112basic_stringIwSt11char_traitsIwESaIwEEEEERS0_RKT_
FN:191,_ZN7testing15AssertionResultlsIA5_cEERS0_RKT_
FNDA:0,_ZN7testing15AssertionResultlsIA5_cEERS0_RKT_
FN:191,_ZN7testing15AssertionResultlsIdEERS0_RKT_
FNDA:0,_ZN7testing15AssertionResultlsIdEERS0_RKT_
FN:191,_ZN7testing15AssertionResultlsIA9_cEERS0_RKT_
FNDA:0,_ZN7testing15AssertionResultlsIA9_cEERS0_RKT_
FN:191,_ZN7testing15AssertionResultlsIA15_cEERS0_RKT_
FNDA:0,_ZN7testing15AssertionResultlsIA15_cEERS0_RKT_
FN:191,_ZN7testing15AssertionResultlsIA27_cEERS0_RKT_
FNDA:0,_ZN7testing15AssertionResultlsIA27_cEERS0_RKT_
FN:191,_ZN7testing15AssertionResultlsIA100_cEERS0_RKT_
FNDA:0,_ZN7testing15AssertionResultlsIA100_cEERS0_RKT_
FN:191,_ZN7testing15AssertionResultlsIA106_cEERS0_RKT_
FNDA:0,_ZN7testing15AssertionResultlsIA106_cEERS0_RKT_
FN:191,_ZN7testing15AssertionResultlsIA17_cEERS0_RKT_
FNDA:0,_ZN7testing15AssertionResultlsIA17_cEERS0_RKT_
FN:191,_ZN7testing15AssertionResultlsIA7_cEERS0_RKT_
FNDA:0,_ZN7testing15AssertionResultlsIA7_cEERS0_RKT_
FN:191,_ZN7testing15AssertionResultlsIA12_cEERS0_RKT_
FNDA:0,_ZN7testing15AssertionResultlsIA12_cEERS0_RKT_
FN:191,_ZN7testing15AssertionResultlsIA13_cEERS0_RKT_
FNDA:0,_ZN7testing15AssertionResultlsIA13_cEERS0_RKT_
FN:191,_ZN7testing15AssertionResultlsIA29_cEERS0_RKT_
FNDA:0,_ZN7testing15AssertionResultlsIA29_cEERS0_RKT_
FN:191,_ZN7testing15AssertionResultlsIA16_cEERS0_RKT_
FNDA:0,_ZN7testing15AssertionResultlsIA16_cEERS0_RKT_
FN:191,_ZN7testing15AssertionResultlsIPKwEERS0_RKT_
FNDA:0,_ZN7testing15AssertionResultlsIPKwEERS0_RKT_
FN:206,_ZN7testing15AssertionResult13AppendMessageERKNS_7MessageE
FNDA:1,_ZN7testing15AssertionResult13AppendMessageERKNS_7MessageE
DA:155,35
DA:161,35
DA:174,0
DA:183,0
DA:184,0
DA:187,0
DA:191,0
DA:192,0
DA:193,0
DA:191,0
DA:192,0
DA:193,0
DA:191,1
DA:192,1
DA:193,1
DA:191,0
DA:192,0
DA:193,0
DA:191,0
DA:192,0
DA:193,0
DA:191,0
DA:192,0
DA:193,0
DA:191,0
DA:192,0
DA:193,0
DA:191,0
DA:192,0
DA:193,0
DA:191,0
DA:192,0
DA:193,0
DA:191,0
DA:192,0
DA:193,0
DA:191,0
DA:192,0
DA:193,0
DA:191,0
DA:192,0
DA:193,0
DA:191,0
DA:192,0
DA:193,0
DA:191,0
DA:192,0
DA:193,0
DA:191,0
DA:192,0
DA:193,0
DA:191,0
DA:192,0
DA:193,0
DA:191,0
DA:192,0
DA:193,0
DA:191,0
DA:192,0
DA:193,0
DA:191,0
DA:192,0
DA:193,0
DA:191,0
DA:192,0
DA:193,0
DA:191,0
DA:192,0
DA:193,0
DA:191,0
DA:192,0
DA:193,0
DA:191,0
DA:192,0
DA:193,0
DA:191,0
DA:192,0
DA:193,0
DA:191,0
DA:192,0
DA:193,0
DA:206,1
DA:207,1
DA:208,1
DA:209,1
end_of_record
SF:/usr/include/c++/9/bits/stl_map.h
FN:183,_ZNSt3mapINSt7__cxx1112basic_stringIcSt11char_traitsIcESaIcEEEmSt4lessIS5_ESaISt4pairIKS5_mEEEC2Ev
FNDA:0,_ZNSt3mapINSt7__cxx1112basic_stringIcSt11char_traitsIcESaIcEEEmSt4lessIS5_ESaISt4pairIKS5_mEEEC2Ev
FN:183,_ZNSt3mapINSt7__cxx1112basic_stringIcSt11char_traitsIcESaIcEEEN7testing8internal34TypeParameterizedTestSuiteRegistry30TypeParameterizedTestSuiteInfoESt4lessIS5_ESaISt4pairIKS5_S9_EEEC2Ev
FNDA:2,_ZNSt3mapINSt7__cxx1112basic_stringIcSt11char_traitsIcESaIcEEEN7testing8internal34TypeParameterizedTestSuiteRegistry30TypeParameterizedTestSuiteInfoESt4lessIS5_ESaISt4pairIKS5_S9_EEEC2Ev
FN:300,_ZNSt3mapINSt7__cxx1112basic_stringIcSt11char_traitsIcESaIcEEEmSt4lessIS5_ESaISt4pairIKS5_mEEED2Ev
FNDA:0,_ZNSt3mapINSt7__cxx1112basic_stringIcSt11char_traitsIcESaIcEEEmSt4lessIS5_ESaISt4pairIKS5_mEEED2Ev
FN:300,_ZNSt3mapINSt7__cxx1112basic_stringIcSt11char_traitsIcESaIcEEEN7testing8internal34TypeParameterizedTestSuiteRegistry30TypeParameterizedTestSuiteInfoESt4lessIS5_ESaISt4pairIKS5_S9_EEED2Ev
FNDA:2,_ZNSt3mapINSt7__cxx1112basic_stringIcSt11char_traitsIcESaIcEEEN7testing8internal34TypeParameterizedTestSuiteRegistry30TypeParameterizedTestSuiteInfoESt4lessIS5_ESaISt4pairIKS5_S9_EEED2Ev
FN:354,_ZNSt3mapINSt7__cxx1112basic_stringIcSt11char_traitsIcESaIcEEEN7testing8internal34TypeParameterizedTestSuiteRegistry30TypeParameterizedTestSuiteInfoESt4lessIS5_ESaISt4pairIKS5_S9_EEE5beginEv
FNDA:2,_ZNSt3mapINSt7__cxx1112basic_stringIcSt11char_traitsIcESaIcEEEN7testing8internal34TypeParameterizedTestSuiteRegistry30TypeParameterizedTestSuiteInfoESt4lessIS5_ESaISt4pairIKS5_S9_EEE5beginEv
FN:354,_ZNSt3mapINSt7__cxx1112basic_stringIcSt11char_traitsIcESaIcEEEN7testing8internal12CodeLocationESt4lessIS5_ESaISt4pairIKS5_S8_EEE5beginEv
FNDA:0,_ZNSt3mapINSt7__cxx1112basic_stringIcSt11char_traitsIcESaIcEEEN7testing8internal12CodeLocationESt4lessIS5_ESaISt4pairIKS5_S8_EEE5beginEv
FN:372,_ZNSt3mapINSt7__cxx1112basic_stringIcSt11char_traitsIcESaIcEEEmSt4lessIS5_ESaISt4pairIKS5_mEEE3endEv
FNDA:0,_ZNSt3mapINSt7__cxx1112basic_stringIcSt11char_traitsIcESaIcEEEmSt4lessIS5_ESaISt4pairIKS5_mEEE3endEv
FN:372,_ZNSt3mapINSt7__cxx1112basic_stringIcSt11char_traitsIcESaIcEEEN7testing8internal34TypeParameterizedTestSuiteRegistry30TypeParameterizedTestSuiteInfoESt4lessIS5_ESaISt4pairIKS5_S9_EEE3endEv
FNDA:2,_ZNSt3mapINSt7__cxx1112basic_stringIcSt11char_traitsIcESaIcEEEN7testing8internal34TypeParameterizedTestSuiteRegistry30TypeParameterizedTestSuiteInfoESt4lessIS5_ESaISt4pairIKS5_S9_EEE3endEv
FN:372,_ZNSt3mapINSt7__cxx1112basic_stringIcSt11char_traitsIcESaIcEEEN7testing8internal12CodeLocationESt4lessIS5_ESaISt4pairIKS5_S8_EEE3endEv
FNDA:0,_ZNSt3mapINSt7__cxx1112basic_stringIcSt11char_traitsIcESaIcEEEN7testing8internal12CodeLocationESt4lessIS5_ESaISt4pairIKS5_S8_EEE3endEv
FN:468,_ZNKSt3mapINSt7__cxx1112basic_stringIcSt11char_traitsIcESaIcEEEmSt4lessIS5_ESaISt4pairIKS5_mEEE4sizeEv
FNDA:0,_ZNKSt3mapINSt7__cxx1112basic_stringIcSt11char_traitsIcESaIcEEEmSt4lessIS5_ESaISt4pairIKS5_mEEE4sizeEv
FN:490,_ZNSt3mapINSt7__cxx1112basic_stringIcSt11char_traitsIcESaIcEEEmSt4lessIS5_ESaISt4pairIKS5_mEEEixERS9_
FNDA:0,_ZNSt3mapINSt7__cxx1112basic_stringIcSt11char_traitsIcESaIcEEEmSt4lessIS5_ESaISt4pairIKS5_mEEEixERS9_
FN:574,_ZNSt3mapINSt7__cxx1112basic_stringIcSt11char_traitsIcESaIcEEEN7testing8internal34TypeParameterizedTestSuiteRegistry30TypeParameterizedTestSuiteInfoESt4lessIS5_ESaISt4pairIKS5_S9_EEE7emplaceIJS5_S9_EEESC_ISt17_Rb_tree_iteratorISE_EbEDpOT_
FNDA:0,_ZNSt3mapINSt7__cxx1112basic_stringIcSt11char_traitsIcESaIcEEEN7testing8internal34TypeParameterizedTestSuiteRegistry30TypeParameterizedTestSuiteInfoESt4lessIS5_ESaISt4pairIKS5_S9_EEE7emplaceIJS5_S9_EEESC_ISt17_Rb_tree_iteratorISE_EbEDpOT_
FN:1141,_ZNKSt3mapINSt7__cxx1112basic_stringIcSt11char_traitsIcESaIcEEEmSt4lessIS5_ESaISt4pairIKS5_mEEE8key_compEv
FNDA:0,_ZNKSt3mapINSt7__cxx1112basic_stringIcSt11char_traitsIcESaIcEEEmSt4lessIS5_ESaISt4pairIKS5_mEEE8key_compEv
FN:1168,_ZNSt3mapINSt7__cxx1112basic_stringIcSt11char_traitsIcESaIcEEEN7testing8internal34TypeParameterizedTestSuiteRegistry30TypeParameterizedTestSuiteInfoESt4lessIS5_ESaISt4pairIKS5_S9_EEE4findERSD_
FNDA:0,_ZNSt3mapINSt7__cxx1112basic_stringIcSt11char_traitsIcESaIcEEEN7testing8internal34TypeParameterizedTestSuiteRegistry30TypeParameterizedTestSuiteInfoESt4lessIS5_ESaISt4pairIKS5_S9_EEE4findERSD_
FN:1168,_ZNSt3mapINSt7__cxx1112basic_stringIcSt11char_traitsIcESaIcEEEmSt4lessIS5_ESaISt4pairIKS5_mEEE4findERS9_
FNDA:0,_ZNSt3mapINSt7__cxx1112basic_stringIcSt11char_traitsIcESaIcEEEmSt4lessIS5_ESaISt4pairIKS5_mEEE4findERS9_
FN:1214,_ZNKSt3mapINSt7__cxx1112basic_stringIcSt11char_traitsIcESaIcEEEN7testing8internal12CodeLocationESt4lessIS5_ESaISt4pairIKS5_S8_EEE5countERSC_
FNDA:0,_ZNKSt3mapINSt7__cxx1112basic_stringIcSt11char_traitsIcESaIcEEEN7testing8internal12CodeLocationESt4lessIS5_ESaISt4pairIKS5_S8_EEE5countERSC_
FN:1257,_ZNSt3mapINSt7__cxx1112basic_stringIcSt11char_traitsIcESaIcEEEmSt4lessIS5_ESaISt4pairIKS5_mEEE11lower_boundERS9_
FNDA:0,_ZNSt3mapINSt7__cxx1112basic_stringIcSt11char_traitsIcESaIcEEEmSt4lessIS5_ESaISt4pairIKS5_mEEE11lower_boundERS9_
DA:183,2
DA:183,0
DA:300,2
DA:300,0
DA:354,2
DA:355,2
DA:354,0
DA:355,0
DA:372,0
DA:373,0
DA:372,2
DA:373,2
DA:372,0
DA:373,0
DA:468,0
DA:469,0
DA:490,0
DA:495,0
DA:497,0
DA:499,0
DA:505,0
DA:574,0
DA:575,0
DA:1141,0
DA:1142,0
DA:1168,0
DA:1169,0
DA:1168,0
DA:1169,0
DA:1214,0
DA:1215,0
DA:1257,0
DA:1258,0
end_of_record
SF:/usr/include/c++/9/bits/alloc_traits.h
FN:442,_ZNSt16allocator_traitsISaIPcEE8allocateERS1_m
FNDA:0,_ZNSt16allocator_traitsISaIPcEE8allocateERS1_m
FN:442,_ZNSt16allocator_traitsISaIiEE8allocateERS0_m
FNDA:12,_ZNSt16allocator_traitsISaIiEE8allocateERS0_m
FN:442,_ZNSt16allocator_traitsISaISt10_List_nodeISt4pairIcPKcEEEE8allocateERS6_m
FNDA:0,_ZNSt16allocator_traitsISaISt10_List_nodeISt4pairIcPKcEEEE8allocateERS6_m
FN:442,_ZNSt16allocator_traitsISaImEE8allocateERS0_m
FNDA:0,_ZNSt16allocator_traitsISaImEE8allocateERS0_m
FN:442,_ZNSt16allocator_traitsISaISt13_Rb_tree_nodeISt4pairIKNSt7__cxx1112basic_stringIcSt11char_traitsIcESaIcEEEmEEEE8allocateERSB_m
FNDA:0,_ZNSt16allocator_traitsISaISt13_Rb_tree_nodeISt4pairIKNSt7__cxx1112basic_stringIcSt11char_traitsIcESaIcEEEmEEEE8allocateERSB_m
FN:442,_ZNSt16allocator_traitsISaISt6vectorIN7testing8internal13edit_distance8EditTypeESaIS4_EEEE8allocateERS7_m
FNDA:0,_ZNSt16allocator_traitsISaISt6vectorIN7testing8internal13edit_distance8EditTypeESaIS4_EEEE8allocateERS7_m
FN:442,_ZNSt16allocator_traitsISaISt6vectorIdSaIdEEEE8allocateERS3_m
FNDA:0,_ZNSt16allocator_traitsISaISt6vectorIdSaIdEEEE8allocateERS3_m
FN:442,_ZNSt16allocator_traitsISaIdEE8allocateERS0_m
FNDA:0,_ZNSt16allocator_traitsISaIdEE8allocateERS0_m
FN:442,_ZNSt16allocator_traitsISaISt13_Rb_tree_nodeISt4pairIKNSt7__cxx1112basic_stringIcSt11char_traitsIcESaIcEEEN7testing8internal34TypeParameterizedTestSuiteRegistry30TypeParameterizedTestSuiteInfoEEEEE8allocateERSF_m
FNDA:0,_ZNSt16allocator_traitsISaISt13_Rb_tree_nodeISt4pairIKNSt7__cxx1112basic_stringIcSt11char_traitsIcESaIcEEEN7testing8internal34TypeParameterizedTestSuiteRegistry30TypeParameterizedTestSuiteInfoEEEEE8allocateERSF_m
FN:442,_ZNSt16allocator_traitsISaIPNSt8__detail15_Hash_node_baseEEE8allocateERS3_m
FNDA:0,_ZNSt16allocator_traitsISaIPNSt8__detail15_Hash_node_baseEEE8allocateERS3_m
FN:442,_ZNSt16allocator_traitsISaIPN7testing9TestSuiteEEE8allocateERS3_m
FNDA:2,_ZNSt16allocator_traitsISaIPN7testing9TestSuiteEEE8allocateERS3_m
FN:442,_ZNSt16allocator_traitsISaIN7testing8internal9TraceInfoEEE8allocateERS3_m
FNDA:0,_ZNSt16allocator_traitsISaIN7testing8internal9TraceInfoEEE8allocateERS3_m
FN:442,_ZNSt16allocator_traitsISaIPN7testing11EnvironmentEEE8allocateERS3_m
FNDA:0,_ZNSt16allocator_traitsISaIPN7testing11EnvironmentEEE8allocateERS3_m
FN:442,_ZNSt16allocator_traitsISaIPN7testing17TestEventListenerEEE8allocateERS3_m
FNDA:2,_ZNSt16allocator_traitsISaIPN7testing17TestEventListenerEEE8allocateERS3_m
FN:442,_ZNSt16allocator_traitsISaIPN7testing8TestInfoEEE8allocateERS3_m
FNDA:10,_ZNSt16allocator_traitsISaIPN7testing8TestInfoEEE8allocateERS3_m
FN:442,_ZNSt16allocator_traitsISaIN7testing12TestPropertyEEE8allocateERS2_m
FNDA:0,_ZNSt16allocator_traitsISaIN7testing12TestPropertyEEE8allocateERS2_m
FN:442,_ZNSt16allocator_traitsISaIN7testing8internal13edit_distance8EditTypeEEE8allocateERS4_m
FNDA:0,_ZNSt16allocator_traitsISaIN7testing8internal13edit_distance8EditTypeEEE8allocateERS4_m
FN:442,_ZNSt16allocator_traitsISaIN7testing14TestPartResultEEE8allocateERS2_m
FNDA:1,_ZNSt16allocator_traitsISaIN7testing14TestPartResultEEE8allocateERS2_m
FN:442,_ZNSt16allocator_traitsISaINSt7__cxx1112basic_stringIcSt11char_traitsIcESaIcEEEEE8allocateERS6_m
FNDA:25,_ZNSt16allocator_traitsISaINSt7__cxx1112basic_stringIcSt11char_traitsIcESaIcEEEEE8allocateERS6_m
FN:442,_ZNSt16allocator_traitsISaINSt8__detail10_Hash_nodeINSt7__cxx1112basic_stringIcSt11char_traitsIcESaIcEEELb1EEEEE8allocateERS9_m
FNDA:0,_ZNSt16allocator_traitsISaINSt8__detail10_Hash_nodeINSt7__cxx1112basic_stringIcSt11char_traitsIcESaIcEEELb1EEEEE8allocateERS9_m
FN:442,_ZNSt16allocator_traitsISaISt13_Rb_tree_nodeINSt7__cxx1112basic_stringIcSt11char_traitsIcESaIcEEEEEE8allocateERS8_m
FNDA:0,_ZNSt16allocator_traitsISaISt13_Rb_tree_nodeINSt7__cxx1112basic_stringIcSt11char_traitsIcESaIcEEEEEE8allocateERS8_m
FN:468,_ZNSt16allocator_traitsISaIN7testing14TestPartResultEEE10deallocateERS2_PS1_m
FNDA:1,_ZNSt16allocator_traitsISaIN7testing14TestPartResultEEE10deallocateERS2_PS1_m
FN:468,_ZNSt16allocator_traitsISaIdEE10deallocateERS0_Pdm
FNDA:0,_ZNSt16allocator_traitsISaIdEE10deallocateERS0_Pdm
FN:468,_ZNSt16allocator_traitsISaISt6vectorIdSaIdEEEE10deallocateERS3_PS2_m
FNDA:0,_ZNSt16allocator_traitsISaISt6vectorIdSaIdEEEE10deallocateERS3_PS2_m
FN:468,_ZNSt16allocator_traitsISaISt6vectorIN7testing8internal13edit_distance8EditTypeESaIS4_EEEE10deallocateERS7_PS6_m
FNDA:0,_ZNSt16allocator_traitsISaISt6vectorIN7testing8internal13edit_distance8EditTypeESaIS4_EEEE10deallocateERS7_PS6_m
FN:468,_ZNSt16allocator_traitsISaISt10_List_nodeISt4pairIcPKcEEEE10deallocateERS6_PS5_m
FNDA:0,_ZNSt16allocator_traitsISaISt10_List_nodeISt4pairIcPKcEEEE10deallocateERS6_PS5_m
FN:468,_ZNSt16allocator_traitsISaIPN7testing9TestSuiteEEE10deallocateERS3_PS2_m
FNDA:2,_ZNSt16allocator_traitsISaIPN7testing9TestSuiteEEE10deallocateERS3_PS2_m
FN:468,_ZNSt16allocator_traitsISaIN7testing8internal9TraceInfoEEE10deallocateERS3_PS2_m
FNDA:0,_ZNSt16allocator_traitsISaIN7testing8internal9TraceInfoEEE10deallocateERS3_PS2_m
FN:468,_ZNSt16allocator_traitsISaIPN7testing11EnvironmentEEE10deallocateERS3_PS2_m
FNDA:0,_ZNSt16allocator_traitsISaIPN7testing11EnvironmentEEE10deallocateERS3_PS2_m
FN:468,_ZNSt16allocator_traitsISaISt13_Rb_tree_nodeINSt7__cxx1112basic_stringIcSt11char_traitsIcESaIcEEEEEE10deallocateERS8_PS7_m
FNDA:0,_ZNSt16allocator_traitsISaISt13_Rb_tree_nodeINSt7__cxx1112basic_stringIcSt11char_traitsIcESaIcEEEEEE10deallocateERS8_PS7_m
FN:468,_ZNSt16allocator_traitsISaIN7testing8internal13edit_distance8EditTypeEEE10deallocateERS4_PS3_m
FNDA:0,_ZNSt16allocator_traitsISaIN7testing8internal13edit_distance8EditTypeEEE10deallocateERS4_PS3_m
FN:468,_ZNSt16allocator_traitsISaIPN7testing17TestEventListenerEEE10deallocateERS3_PS2_m
FNDA:2,_ZNSt16allocator_traitsISaIPN7testing17TestEventListenerEEE10deallocateERS3_PS2_m
FN:468,_ZNSt16allocator_traitsISaISt13_Rb_tree_nodeISt4pairIKNSt7__cxx1112basic_stringIcSt11char_traitsIcESaIcEEEN7testing8internal34TypeParameterizedTestSuiteRegistry30TypeParameterizedTestSuiteInfoEEEEE10deallocateERSF_PSE_m
FNDA:0,_ZNSt16allocator_traitsISaISt13_Rb_tree_nodeISt4pairIKNSt7__cxx1112basic_stringIcSt11char_traitsIcESaIcEEEN7testing8internal34TypeParameterizedTestSuiteRegistry30TypeParameterizedTestSuiteInfoEEEEE10deallocateERSF_PSE_m
FN:468,_ZNSt16allocator_traitsISaIPNSt8__detail15_Hash_node_baseEEE10deallocateERS3_PS2_m
FNDA:0,_ZNSt16allocator_traitsISaIPNSt8__detail15_Hash_node_baseEEE10deallocateERS3_PS2_m
FN:468,_ZNSt16allocator_traitsISaImEE10deallocateERS0_Pmm
FNDA:0,_ZNSt16allocator_traitsISaImEE10deallocateERS0_Pmm
FN:468,_ZNSt16allocator_traitsISaINSt8__detail10_Hash_nodeINSt7__cxx1112basic_stringIcSt11char_traitsIcESaIcEEELb1EEEEE10deallocateERS9_PS8_m
FNDA:0,_ZNSt16allocator_traitsISaINSt8__detail10_Hash_nodeINSt7__cxx1112basic_stringIcSt11char_traitsIcESaIcEEELb1EEEEE10deallocateERS9_PS8_m
FN:468,_ZNSt16allocator_traitsISaISt13_Rb_tree_nodeISt4pairIKNSt7__cxx1112basic_stringIcSt11char_traitsIcESaIcEEEmEEEE10deallocateERSB_PSA_m
FNDA:0,_ZNSt16allocator_traitsISaISt13_Rb_tree_nodeISt4pairIKNSt7__cxx1112basic_stringIcSt11char_traitsIcESaIcEEEmEEEE10deallocateERSB_PSA_m
FN:468,_ZNSt16allocator_traitsISaIN7testing12TestPropertyEEE10deallocateERS2_PS1_m
FNDA:0,_ZNSt16allocator_traitsISaIN7testing12TestPropertyEEE10deallocateERS2_PS1_m
FN:468,_ZNSt16allocator_traitsISaIPN7testing8TestInfoEEE10deallocateERS3_PS2_m
FNDA:10,_ZNSt16allocator_traitsISaIPN7testing8TestInfoEEE10deallocateERS3_PS2_m
FN:468,_ZNSt16allocator_traitsISaIiEE10deallocateERS0_Pim
FNDA:12,_ZNSt16allocator_traitsISaIiEE10deallocateERS0_Pim
FN:468,_ZNSt16allocator_traitsISaINSt7__cxx1112basic_stringIcSt11char_traitsIcESaIcEEEEE10deallocateERS6_PS5_m
FNDA:25,_ZNSt16allocator_traitsISaINSt7__cxx1112basic_stringIcSt11char_traitsIcESaIcEEEEE10deallocateERS6_PS5_m
FN:468,_ZNSt16allocator_traitsISaIPcEE10deallocateERS1_PS0_m
FNDA:0,_ZNSt16allocator_traitsISaIPcEE10deallocateERS1_PS0_m
FN:468,_ZNSt16allocator_traitsISaIPN7testing8internal30ParameterizedTestSuiteInfoBaseEEE10deallocateERS4_PS3_m
FNDA:0,_ZNSt16allocator_traitsISaIPN7testing8internal30ParameterizedTestSuiteInfoBaseEEE10deallocateERS4_PS3_m
FN:481,_ZNSt16allocator_traitsISaIN7testing8internal13edit_distance8EditTypeEEE9constructIS3_JRKS3_EEEvRS4_PT_DpOT0_
FNDA:0,_ZNSt16allocator_traitsISaIN7testing8internal13edit_distance8EditTypeEEE9constructIS3_JRKS3_EEEvRS4_PT_DpOT0_
FN:481,_ZNSt16allocator_traitsISaIiEE9constructIiJiEEEvRS0_PT_DpOT0_
FNDA:32,_ZNSt16allocator_traitsISaIiEE9constructIiJiEEEvRS0_PT_DpOT0_
FN:481,_ZNSt16allocator_traitsISaIN7testing14TestPartResultEEE9constructIS1_JRKS1_EEEvRS2_PT_DpOT0_
FNDA:1,_ZNSt16allocator_traitsISaIN7testing14TestPartResultEEE9constructIS1_JRKS1_EEEvRS2_PT_DpOT0_
FN:481,_ZNSt16allocator_traitsISaIPN7testing9TestSuiteEEE9constructIS2_JS2_EEEvRS3_PT_DpOT0_
FNDA:0,_ZNSt16allocator_traitsISaIPN7testing9TestSuiteEEE9constructIS2_JS2_EEEvRS3_PT_DpOT0_
FN:481,_ZNSt16allocator_traitsISaImEE9constructImJmEEEvRS0_PT_DpOT0_
FNDA:0,_ZNSt16allocator_traitsISaImEE9constructImJmEEEvRS0_PT_DpOT0_
FN:481,_ZNSt16allocator_traitsISaINSt7__cxx1112basic_stringIcSt11char_traitsIcESaIcEEEEE9constructIS5_JS5_EEEvRS6_PT_DpOT0_
FNDA:32,_ZNSt16allocator_traitsISaINSt7__cxx1112basic_stringIcSt11char_traitsIcESaIcEEEEE9constructIS5_JS5_EEEvRS6_PT_DpOT0_
FN:481,_ZNSt16allocator_traitsISaIPcEE9constructIS0_JS0_EEEvRS1_PT_DpOT0_
FNDA:0,_ZNSt16allocator_traitsISaIPcEE9constructIS0_JS0_EEEvRS1_PT_DpOT0_
FN:481,_ZNSt16allocator_traitsISaIN7testing12TestPropertyEEE9constructIS1_JRKS1_EEEvRS2_PT_DpOT0_
FNDA:0,_ZNSt16allocator_traitsISaIN7testing12TestPropertyEEE9constructIS1_JRKS1_EEEvRS2_PT_DpOT0_
FN:481,_ZNSt16allocator_traitsISaIPN7testing8TestInfoEEE9constructIS2_JRKS2_EEEvRS3_PT_DpOT0_
FNDA:30,_ZNSt16allocator_traitsISaIPN7testing8TestInfoEEE9constructIS2_JRKS2_EEEvRS3_PT_DpOT0_
FN:481,_ZNSt16allocator_traitsISaIPN7testing17TestEventListenerEEE9constructIS2_JRKS2_EEEvRS3_PT_DpOT0_
FNDA:2,_ZNSt16allocator_traitsISaIPN7testing17TestEventListenerEEE9constructIS2_JRKS2_EEEvRS3_PT_DpOT0_
FN:481,_ZNSt16allocator_traitsISaIPN7testing11EnvironmentEEE9constructIS2_JRKS2_EEEvRS3_PT_DpOT0_
FNDA:0,_ZNSt16allocator_traitsISaIPN7testing11EnvironmentEEE9constructIS2_JRKS2_EEEvRS3_PT_DpOT0_
FN:481,_ZNSt16allocator_traitsISaIN7testing8internal9TraceInfoEEE9constructIS2_JRKS2_EEEvRS3_PT_DpOT0_
FNDA:0,_ZNSt16allocator_traitsISaIN7testing8internal9TraceInfoEEE9constructIS2_JRKS2_EEEvRS3_PT_DpOT0_
FN:481,_ZNSt16allocator_traitsISaIPN7testing9TestSuiteEEE9constructIS2_JRKS2_EEEvRS3_PT_DpOT0_
FNDA:2,_ZNSt16allocator_traitsISaIPN7testing9TestSuiteEEE9constructIS2_JRKS2_EEEvRS3_PT_DpOT0_
FN:481,_ZNSt16allocator_traitsISaINSt8__detail10_Hash_nodeINSt7__cxx1112basic_stringIcSt11char_traitsIcESaIcEEELb1EEEEE9constructIS7_JS7_EEEvRS9_PT_DpOT0_
FNDA:0,_ZNSt16allocator_traitsISaINSt8__detail10_Hash_nodeINSt7__cxx1112basic_stringIcSt11char_traitsIcESaIcEEELb1EEEEE9constructIS7_JS7_EEEvRS9_PT_DpOT0_
FN:481,_ZNSt16allocator_traitsISaISt13_Rb_tree_nodeINSt7__cxx1112basic_stringIcSt11char_traitsIcESaIcEEEEEE9constructIS6_JRKS6_EEEvRS8_PT_DpOT0_
FNDA:0,_ZNSt16allocator_traitsISaISt13_Rb_tree_nodeINSt7__cxx1112basic_stringIcSt11char_traitsIcESaIcEEEEEE9constructIS6_JRKS6_EEEvRS8_PT_DpOT0_
FN:481,_ZNSt16allocator_traitsISaISt13_Rb_tree_nodeINSt7__cxx1112basic_stringIcSt11char_traitsIcESaIcEEEEEE9constructIS6_JS6_EEEvRS8_PT_DpOT0_
FNDA:0,_ZNSt16allocator_traitsISaISt13_Rb_tree_nodeINSt7__cxx1112basic_stringIcSt11char_traitsIcESaIcEEEEEE9constructIS6_JS6_EEEvRS8_PT_DpOT0_
FN:481,_ZNSt16allocator_traitsISaISt13_Rb_tree_nodeISt4pairIKNSt7__cxx1112basic_stringIcSt11char_traitsIcESaIcEEEmEEEE9constructIS9_JRKSt21piecewise_construct_tSt5tupleIJRS8_EESH_IJEEEEEvRSB_PT_DpOT0_
FNDA:0,_ZNSt16allocator_traitsISaISt13_Rb_tree_nodeISt4pairIKNSt7__cxx1112basic_stringIcSt11char_traitsIcESaIcEEEmEEEE9constructIS9_JRKSt21piecewise_construct_tSt5tupleIJRS8_EESH_IJEEEEEvRSB_PT_DpOT0_
FN:481,_ZNSt16allocator_traitsISaISt13_Rb_tree_nodeISt4pairIKNSt7__cxx1112basic_stringIcSt11char_traitsIcESaIcEEEN7testing8internal34TypeParameterizedTestSuiteRegistry30TypeParameterizedTestSuiteInfoEEEEE9constructISD_JS7_SC_EEEvRSF_PT_DpOT0_
FNDA:0,_ZNSt16allocator_traitsISaISt13_Rb_tree_nodeISt4pairIKNSt7__cxx1112basic_stringIcSt11char_traitsIcESaIcEEEN7testing8internal34TypeParameterizedTestSuiteRegistry30TypeParameterizedTestSuiteInfoEEEEE9constructISD_JS7_SC_EEEvRSF_PT_DpOT0_
FN:481,_ZNSt16allocator_traitsISaISt10_List_nodeISt4pairIcPKcEEEE9constructIS4_JS4_EEEvRS6_PT_DpOT0_
FNDA:0,_ZNSt16allocator_traitsISaISt10_List_nodeISt4pairIcPKcEEEE9constructIS4_JS4_EEEvRS6_PT_DpOT0_
FN:481,_ZNSt16allocator_traitsISaIN7testing8internal9TraceInfoEEE9constructIS2_JS2_EEEvRS3_PT_DpOT0_
FNDA:0,_ZNSt16allocator_traitsISaIN7testing8internal9TraceInfoEEE9constructIS2_JS2_EEEvRS3_PT_DpOT0_
FN:481,_ZNSt16allocator_traitsISaIN7testing12TestPropertyEEE9constructIS1_JS1_EEEvRS2_PT_DpOT0_
FNDA:0,_ZNSt16allocator_traitsISaIN7testing12TestPropertyEEE9constructIS1_JS1_EEEvRS2_PT_DpOT0_
FN:481,_ZNSt16allocator_traitsISaIN7testing14TestPartResultEEE9constructIS1_JS1_EEEvRS2_PT_DpOT0_
FNDA:0,_ZNSt16allocator_traitsISaIN7testing14TestPartResultEEE9constructIS1_JS1_EEEvRS2_PT_DpOT0_
FN:494,_ZNSt16allocator_traitsISaIN7testing8internal9TraceInfoEEE7destroyIS2_EEvRS3_PT_
FNDA:0,_ZNSt16allocator_traitsISaIN7testing8internal9TraceInfoEEE7destroyIS2_EEvRS3_PT_
FN:494,_ZNSt16allocator_traitsISaIN7testing14TestPartResultEEE7destroyIS1_EEvRS2_PT_
[...]
FNDA:2,_ZNSt8_Rb_treeINSt7__cxx1112basic_stringIcSt11char_traitsIcESaIcEEESt4pairIKS5_N7testing8internal34TypeParameterizedTestSuiteRegistry30TypeParameterizedTestSuiteInfoEESt10_Select1stISC_ESt4lessIS5_ESaISC_EEC2Ev
FN:944,_ZNSt8_Rb_treeINSt7__cxx1112basic_stringIcSt11char_traitsIcESaIcEEESt4pairIKS5_mESt10_Select1stIS8_ESt4lessIS5_ESaIS8_EEC2Ev
FNDA:0,_ZNSt8_Rb_treeINSt7__cxx1112basic_stringIcSt11char_traitsIcESaIcEEESt4pairIKS5_mESt10_Select1stIS8_ESt4lessIS5_ESaIS8_EEC2Ev
FN:944,_ZNSt8_Rb_treeINSt7__cxx1112basic_stringIcSt11char_traitsIcESaIcEEES5_St9_IdentityIS5_ESt4lessIS5_ESaIS5_EEC2Ev
FNDA:2,_ZNSt8_Rb_treeINSt7__cxx1112basic_stringIcSt11char_traitsIcESaIcEEES5_St9_IdentityIS5_ESt4lessIS5_ESaIS5_EEC2Ev
FN:999,_ZNSt8_Rb_treeINSt7__cxx1112basic_stringIcSt11char_traitsIcESaIcEEES5_St9_IdentityIS5_ESt4lessIS5_ESaIS5_EED2Ev
FNDA:2,_ZNSt8_Rb_treeINSt7__cxx1112basic_stringIcSt11char_traitsIcESaIcEEES5_St9_IdentityIS5_ESt4lessIS5_ESaIS5_EED2Ev
FN:999,_ZNSt8_Rb_treeINSt7__cxx1112basic_stringIcSt11char_traitsIcESaIcEEESt4pairIKS5_mESt10_Select1stIS8_ESt4lessIS5_ESaIS8_EED2Ev
FNDA:0,_ZNSt8_Rb_treeINSt7__cxx1112basic_stringIcSt11char_traitsIcESaIcEEESt4pairIKS5_mESt10_Select1stIS8_ESt4lessIS5_ESaIS8_EED2Ev
FN:999,_ZNSt8_Rb_treeINSt7__cxx1112basic_stringIcSt11char_traitsIcESaIcEEESt4pairIKS5_N7testing8internal34TypeParameterizedTestSuiteRegistry30TypeParameterizedTestSuiteInfoEESt10_Select1stISC_ESt4lessIS5_ESaISC_EED2Ev
FNDA:2,_ZNSt8_Rb_treeINSt7__cxx1112basic_stringIcSt11char_traitsIcESaIcEEESt4pairIKS5_N7testing8internal34TypeParameterizedTestSuiteRegistry30TypeParameterizedTestSuiteInfoEESt10_Select1stISC_ESt4lessIS5_ESaISC_EED2Ev
FN:1007,_ZNKSt8_Rb_treeINSt7__cxx1112basic_stringIcSt11char_traitsIcESaIcEEESt4pairIKS5_mESt10_Select1stIS8_ESt4lessIS5_ESaIS8_EE8key_compEv
FNDA:0,_ZNKSt8_Rb_treeINSt7__cxx1112basic_stringIcSt11char_traitsIcESaIcEEESt4pairIKS5_mESt10_Select1stIS8_ESt4lessIS5_ESaIS8_EE8key_compEv
FN:1011,_ZNSt8_Rb_treeINSt7__cxx1112basic_stringIcSt11char_traitsIcESaIcEEESt4pairIKS5_mESt10_Select1stIS8_ESt4lessIS5_ESaIS8_EE5beginEv
FNDA:0,_ZNSt8_Rb_treeINSt7__cxx1112basic_stringIcSt11char_traitsIcESaIcEEESt4pairIKS5_mESt10_Select1stIS8_ESt4lessIS5_ESaIS8_EE5beginEv
FN:1011,_ZNSt8_Rb_treeINSt7__cxx1112basic_stringIcSt11char_traitsIcESaIcEEES5_St9_IdentityIS5_ESt4lessIS5_ESaIS5_EE5beginEv
FNDA:0,_ZNSt8_Rb_treeINSt7__cxx1112basic_stringIcSt11char_traitsIcESaIcEEES5_St9_IdentityIS5_ESt4lessIS5_ESaIS5_EE5beginEv
FN:1011,_ZNSt8_Rb_treeINSt7__cxx1112basic_stringIcSt11char_traitsIcESaIcEEESt4pairIKS5_N7testing8internal12CodeLocationEESt10_Select1stISB_ESt4lessIS5_ESaISB_EE5beginEv
FNDA:0,_ZNSt8_Rb_treeINSt7__cxx1112basic_stringIcSt11char_traitsIcESaIcEEESt4pairIKS5_N7testing8internal12CodeLocationEESt10_Select1stISB_ESt4lessIS5_ESaISB_EE5beginEv
FN:1011,_ZNSt8_Rb_treeINSt7__cxx1112basic_stringIcSt11char_traitsIcESaIcEEESt4pairIKS5_N7testing8internal34TypeParameterizedTestSuiteRegistry30TypeParameterizedTestSuiteInfoEESt10_Select1stISC_ESt4lessIS5_ESaISC_EE5beginEv
FNDA:2,_ZNSt8_Rb_treeINSt7__cxx1112basic_stringIcSt11char_traitsIcESaIcEEESt4pairIKS5_N7testing8internal34TypeParameterizedTestSuiteRegistry30TypeParameterizedTestSuiteInfoEESt10_Select1stISC_ESt4lessIS5_ESaISC_EE5beginEv
FN:1019,_ZNSt8_Rb_treeINSt7__cxx1112basic_stringIcSt11char_traitsIcESaIcEEESt4pairIKS5_mESt10_Select1stIS8_ESt4lessIS5_ESaIS8_EE3endEv
FNDA:0,_ZNSt8_Rb_treeINSt7__cxx1112basic_stringIcSt11char_traitsIcESaIcEEESt4pairIKS5_mESt10_Select1stIS8_ESt4lessIS5_ESaIS8_EE3endEv
FN:1019,_ZNSt8_Rb_treeINSt7__cxx1112basic_stringIcSt11char_traitsIcESaIcEEESt4pairIKS5_N7testing8internal12CodeLocationEESt10_Select1stISB_ESt4lessIS5_ESaISB_EE3endEv
FNDA:0,_ZNSt8_Rb_treeINSt7__cxx1112basic_stringIcSt11char_traitsIcESaIcEEESt4pairIKS5_N7testing8internal12CodeLocationEESt10_Select1stISB_ESt4lessIS5_ESaISB_EE3endEv
FN:1019,_ZNSt8_Rb_treeINSt7__cxx1112basic_stringIcSt11char_traitsIcESaIcEEESt4pairIKS5_N7testing8internal34TypeParameterizedTestSuiteRegistry30TypeParameterizedTestSuiteInfoEESt10_Select1stISC_ESt4lessIS5_ESaISC_EE3endEv
FNDA:2,_ZNSt8_Rb_treeINSt7__cxx1112basic_stringIcSt11char_traitsIcESaIcEEESt4pairIKS5_N7testing8internal34TypeParameterizedTestSuiteRegistry30TypeParameterizedTestSuiteInfoEESt10_Select1stISC_ESt4lessIS5_ESaISC_EE3endEv
FN:1023,_ZNKSt8_Rb_treeINSt7__cxx1112basic_stringIcSt11char_traitsIcESaIcEEES5_St9_IdentityIS5_ESt4lessIS5_ESaIS5_EE3endEv
FNDA:0,_ZNKSt8_Rb_treeINSt7__cxx1112basic_stringIcSt11char_traitsIcESaIcEEES5_St9_IdentityIS5_ESt4lessIS5_ESaIS5_EE3endEv
FN:1023,_ZNKSt8_Rb_treeINSt7__cxx1112basic_stringIcSt11char_traitsIcESaIcEEESt4pairIKS5_N7testing8internal12CodeLocationEESt10_Select1stISB_ESt4lessIS5_ESaISB_EE3endEv
FNDA:0,_ZNKSt8_Rb_treeINSt7__cxx1112basic_stringIcSt11char_traitsIcESaIcEEESt4pairIKS5_N7testing8internal12CodeLocationEESt10_Select1stISB_ESt4lessIS5_ESaISB_EE3endEv
FN:1047,_ZNKSt8_Rb_treeINSt7__cxx1112basic_stringIcSt11char_traitsIcESaIcEEESt4pairIKS5_mESt10_Select1stIS8_ESt4lessIS5_ESaIS8_EE4sizeEv
FNDA:0,_ZNKSt8_Rb_treeINSt7__cxx1112basic_stringIcSt11char_traitsIcESaIcEEESt4pairIKS5_mESt10_Select1stIS8_ESt4lessIS5_ESaIS8_EE4sizeEv
FN:1286,_ZNSt8_Rb_treeINSt7__cxx1112basic_stringIcSt11char_traitsIcESaIcEEESt4pairIKS5_mESt10_Select1stIS8_ESt4lessIS5_ESaIS8_EE11lower_boundERS7_
FNDA:0,_ZNSt8_Rb_treeINSt7__cxx1112basic_stringIcSt11char_traitsIcESaIcEEESt4pairIKS5_mESt10_Select1stIS8_ESt4lessIS5_ESaIS8_EE11lower_boundERS7_
FN:1802,_ZNSt8_Rb_treeINSt7__cxx1112basic_stringIcSt11char_traitsIcESaIcEEES5_St9_IdentityIS5_ESt4lessIS5_ESaIS5_EE10_M_insert_IS5_NSB_11_Alloc_nodeEEESt17_Rb_tree_iteratorIS5_EPSt18_Rb_tree_node_baseSH_OT_RT0_
FNDA:0,_ZNSt8_Rb_treeINSt7__cxx1112basic_stringIcSt11char_traitsIcESaIcEEES5_St9_IdentityIS5_ESt4lessIS5_ESaIS5_EE10_M_insert_IS5_NSB_11_Alloc_nodeEEESt17_Rb_tree_iteratorIS5_EPSt18_Rb_tree_node_baseSH_OT_RT0_
FN:1802,_ZNSt8_Rb_treeINSt7__cxx1112basic_stringIcSt11char_traitsIcESaIcEEES5_St9_IdentityIS5_ESt4lessIS5_ESaIS5_EE10_M_insert_IRKS5_NSB_11_Alloc_nodeEEESt17_Rb_tree_iteratorIS5_EPSt18_Rb_tree_node_baseSJ_OT_RT0_
FNDA:0,_ZNSt8_Rb_treeINSt7__cxx1112basic_stringIcSt11char_traitsIcESaIcEEES5_St9_IdentityIS5_ESt4lessIS5_ESaIS5_EE10_M_insert_IRKS5_NSB_11_Alloc_nodeEEESt17_Rb_tree_iteratorIS5_EPSt18_Rb_tree_node_baseSJ_OT_RT0_
FN:1912,_ZNSt8_Rb_treeINSt7__cxx1112basic_stringIcSt11char_traitsIcESaIcEEESt4pairIKS5_N7testing8internal34TypeParameterizedTestSuiteRegistry30TypeParameterizedTestSuiteInfoEESt10_Select1stISC_ESt4lessIS5_ESaISC_EE8_M_eraseEPSt13_Rb_tree_nodeISC_E
FNDA:2,_ZNSt8_Rb_treeINSt7__cxx1112basic_stringIcSt11char_traitsIcESaIcEEESt4pairIKS5_N7testing8internal34TypeParameterizedTestSuiteRegistry30TypeParameterizedTestSuiteInfoEESt10_Select1stISC_ESt4lessIS5_ESaISC_EE8_M_eraseEPSt13_Rb_tree_nodeISC_E
FN:1912,_ZNSt8_Rb_treeINSt7__cxx1112basic_stringIcSt11char_traitsIcESaIcEEESt4pairIKS5_mESt10_Select1stIS8_ESt4lessIS5_ESaIS8_EE8_M_eraseEPSt13_Rb_tree_nodeIS8_E
FNDA:0,_ZNSt8_Rb_treeINSt7__cxx1112basic_stringIcSt11char_traitsIcESaIcEEESt4pairIKS5_mESt10_Select1stIS8_ESt4lessIS5_ESaIS8_EE8_M_eraseEPSt13_Rb_tree_nodeIS8_E
FN:1912,_ZNSt8_Rb_treeINSt7__cxx1112basic_stringIcSt11char_traitsIcESaIcEEES5_St9_IdentityIS5_ESt4lessIS5_ESaIS5_EE8_M_eraseEPSt13_Rb_tree_nodeIS5_E
FNDA:2,_ZNSt8_Rb_treeINSt7__cxx1112basic_stringIcSt11char_traitsIcESaIcEEES5_St9_IdentityIS5_ESt4lessIS5_ESaIS5_EE8_M_eraseEPSt13_Rb_tree_nodeIS5_E
FN:1929,_ZNSt8_Rb_treeINSt7__cxx1112basic_stringIcSt11char_traitsIcESaIcEEESt4pairIKS5_N7testing8internal34TypeParameterizedTestSuiteRegistry30TypeParameterizedTestSuiteInfoEESt10_Select1stISC_ESt4lessIS5_ESaISC_EE14_M_lower_boundEPSt13_Rb_tree_nodeISC_EPSt18_Rb_tree_node_baseRS7_
FNDA:0,_ZNSt8_Rb_treeINSt7__cxx1112basic_stringIcSt11char_traitsIcESaIcEEESt4pairIKS5_N7testing8internal34TypeParameterizedTestSuiteRegistry30TypeParameterizedTestSuiteInfoEESt10_Select1stISC_ESt4lessIS5_ESaISC_EE14_M_lower_boundEPSt13_Rb_tree_nodeISC_EPSt18_Rb_tree_node_baseRS7_
FN:1929,_ZNSt8_Rb_treeINSt7__cxx1112basic_stringIcSt11char_traitsIcESaIcEEESt4pairIKS5_mESt10_Select1stIS8_ESt4lessIS5_ESaIS8_EE14_M_lower_boundEPSt13_Rb_tree_nodeIS8_EPSt18_Rb_tree_node_baseRS7_
FNDA:0,_ZNSt8_Rb_treeINSt7__cxx1112basic_stringIcSt11char_traitsIcESaIcEEESt4pairIKS5_mESt10_Select1stIS8_ESt4lessIS5_ESaIS8_EE14_M_lower_boundEPSt13_Rb_tree_nodeIS8_EPSt18_Rb_tree_node_baseRS7_
FN:1945,_ZNKSt8_Rb_treeINSt7__cxx1112basic_stringIcSt11char_traitsIcESaIcEEES5_St9_IdentityIS5_ESt4lessIS5_ESaIS5_EE14_M_lower_boundEPKSt13_Rb_tree_nodeIS5_EPKSt18_Rb_tree_node_baseRKS5_
FNDA:0,_ZNKSt8_Rb_treeINSt7__cxx1112basic_stringIcSt11char_traitsIcESaIcEEES5_St9_IdentityIS5_ESt4lessIS5_ESaIS5_EE14_M_lower_boundEPKSt13_Rb_tree_nodeIS5_EPKSt18_Rb_tree_node_baseRKS5_
FN:1945,_ZNKSt8_Rb_treeINSt7__cxx1112basic_stringIcSt11char_traitsIcESaIcEEESt4pairIKS5_N7testing8internal12CodeLocationEESt10_Select1stISB_ESt4lessIS5_ESaISB_EE14_M_lower_boundEPKSt13_Rb_tree_nodeISB_EPKSt18_Rb_tree_node_baseRS7_
FNDA:0,_ZNKSt8_Rb_treeINSt7__cxx1112basic_stringIcSt11char_traitsIcESaIcEEESt4pairIKS5_N7testing8internal12CodeLocationEESt10_Select1stISB_ESt4lessIS5_ESaISB_EE14_M_lower_boundEPKSt13_Rb_tree_nodeISB_EPKSt18_Rb_tree_node_baseRS7_
FN:2090,_ZNSt8_Rb_treeINSt7__cxx1112basic_stringIcSt11char_traitsIcESaIcEEESt4pairIKS5_N7testing8internal34TypeParameterizedTestSuiteRegistry30TypeParameterizedTestSuiteInfoEESt10_Select1stISC_ESt4lessIS5_ESaISC_EE24_M_get_insert_unique_posERS7_
FNDA:0,_ZNSt8_Rb_treeINSt7__cxx1112basic_stringIcSt11char_traitsIcESaIcEEESt4pairIKS5_N7testing8internal34TypeParameterizedTestSuiteRegistry30TypeParameterizedTestSuiteInfoEESt10_Select1stISC_ESt4lessIS5_ESaISC_EE24_M_get_insert_unique_posERS7_
FN:2090,_ZNSt8_Rb_treeINSt7__cxx1112basic_stringIcSt11char_traitsIcESaIcEEESt4pairIKS5_mESt10_Select1stIS8_ESt4lessIS5_ESaIS8_EE24_M_get_insert_unique_posERS7_
FNDA:0,_ZNSt8_Rb_treeINSt7__cxx1112basic_stringIcSt11char_traitsIcESaIcEEESt4pairIKS5_mESt10_Select1stIS8_ESt4lessIS5_ESaIS8_EE24_M_get_insert_unique_posERS7_
FN:2090,_ZNSt8_Rb_treeINSt7__cxx1112basic_stringIcSt11char_traitsIcESaIcEEES5_St9_IdentityIS5_ESt4lessIS5_ESaIS5_EE24_M_get_insert_unique_posERKS5_
FNDA:0,_ZNSt8_Rb_treeINSt7__cxx1112basic_stringIcSt11char_traitsIcESaIcEEES5_St9_IdentityIS5_ESt4lessIS5_ESaIS5_EE24_M_get_insert_unique_posERKS5_
FN:2144,_ZNSt8_Rb_treeINSt7__cxx1112basic_stringIcSt11char_traitsIcESaIcEEES5_St9_IdentityIS5_ESt4lessIS5_ESaIS5_EE16_M_insert_uniqueIS5_EESt4pairISt17_Rb_tree_iteratorIS5_EbEOT_
FNDA:0,_ZNSt8_Rb_treeINSt7__cxx1112basic_stringIcSt11char_traitsIcESaIcEEES5_St9_IdentityIS5_ESt4lessIS5_ESaIS5_EE16_M_insert_uniqueIS5_EESt4pairISt17_Rb_tree_iteratorIS5_EbEOT_
FN:2144,_ZNSt8_Rb_treeINSt7__cxx1112basic_stringIcSt11char_traitsIcESaIcEEES5_St9_IdentityIS5_ESt4lessIS5_ESaIS5_EE16_M_insert_uniqueIRKS5_EESt4pairISt17_Rb_tree_iteratorIS5_EbEOT_
FNDA:0,_ZNSt8_Rb_treeINSt7__cxx1112basic_stringIcSt11char_traitsIcESaIcEEES5_St9_IdentityIS5_ESt4lessIS5_ESaIS5_EE16_M_insert_uniqueIRKS5_EESt4pairISt17_Rb_tree_iteratorIS5_EbEOT_
FN:2192,_ZNSt8_Rb_treeINSt7__cxx1112basic_stringIcSt11char_traitsIcESaIcEEESt4pairIKS5_mESt10_Select1stIS8_ESt4lessIS5_ESaIS8_EE29_M_get_insert_hint_unique_posESt23_Rb_tree_const_iteratorIS8_ERS7_
FNDA:0,_ZNSt8_Rb_treeINSt7__cxx1112basic_stringIcSt11char_traitsIcESaIcEEESt4pairIKS5_mESt10_Select1stIS8_ESt4lessIS5_ESaIS8_EE29_M_get_insert_hint_unique_posESt23_Rb_tree_const_iteratorIS8_ERS7_
FN:2359,_ZNSt8_Rb_treeINSt7__cxx1112basic_stringIcSt11char_traitsIcESaIcEEESt4pairIKS5_N7testing8internal34TypeParameterizedTestSuiteRegistry30TypeParameterizedTestSuiteInfoEESt10_Select1stISC_ESt4lessIS5_ESaISC_EE14_M_insert_nodeEPSt18_Rb_tree_node_baseSK_PSt13_Rb_tree_nodeISC_E
FNDA:0,_ZNSt8_Rb_treeINSt7__cxx1112basic_stringIcSt11char_traitsIcESaIcEEESt4pairIKS5_N7testing8internal34TypeParameterizedTestSuiteRegistry30TypeParameterizedTestSuiteInfoEESt10_Select1stISC_ESt4lessIS5_ESaISC_EE14_M_insert_nodeEPSt18_Rb_tree_node_baseSK_PSt13_Rb_tree_nodeISC_E
FN:2359,_ZNSt8_Rb_treeINSt7__cxx1112basic_stringIcSt11char_traitsIcESaIcEEESt4pairIKS5_mESt10_Select1stIS8_ESt4lessIS5_ESaIS8_EE14_M_insert_nodeEPSt18_Rb_tree_node_baseSG_PSt13_Rb_tree_nodeIS8_E
FNDA:0,_ZNSt8_Rb_treeINSt7__cxx1112basic_stringIcSt11char_traitsIcESaIcEEESt4pairIKS5_mESt10_Select1stIS8_ESt4lessIS5_ESaIS8_EE14_M_insert_nodeEPSt18_Rb_tree_node_baseSG_PSt13_Rb_tree_nodeIS8_E
FN:2410,_ZNSt8_Rb_treeINSt7__cxx1112basic_stringIcSt11char_traitsIcESaIcEEESt4pairIKS5_N7testing8internal34TypeParameterizedTestSuiteRegistry30TypeParameterizedTestSuiteInfoEESt10_Select1stISC_ESt4lessIS5_ESaISC_EE17_M_emplace_uniqueIJS5_SB_EEES6_ISt17_Rb_tree_iteratorISC_EbEDpOT_
FNDA:0,_ZNSt8_Rb_treeINSt7__cxx1112basic_stringIcSt11char_traitsIcESaIcEEESt4pairIKS5_N7testing8internal34TypeParameterizedTestSuiteRegistry30TypeParameterizedTestSuiteInfoEESt10_Select1stISC_ESt4lessIS5_ESaISC_EE17_M_emplace_uniqueIJS5_SB_EEES6_ISt17_Rb_tree_iteratorISC_EbEDpOT_
FN:2457,_ZNSt8_Rb_treeINSt7__cxx1112basic_stringIcSt11char_traitsIcESaIcEEESt4pairIKS5_mESt10_Select1stIS8_ESt4lessIS5_ESaIS8_EE22_M_emplace_hint_uniqueIJRKSt21piecewise_construct_tSt5tupleIJRS7_EESJ_IJEEEEESt17_Rb_tree_iteratorIS8_ESt23_Rb_tree_const_iteratorIS8_EDpOT_
FNDA:0,_ZNSt8_Rb_treeINSt7__cxx1112basic_stringIcSt11char_traitsIcESaIcEEESt4pairIKS5_mESt10_Select1stIS8_ESt4lessIS5_ESaIS8_EE22_M_emplace_hint_uniqueIJRKSt21piecewise_construct_tSt5tupleIJRS7_EESJ_IJEEEEESt17_Rb_tree_iteratorIS8_ESt23_Rb_tree_const_iteratorIS8_EDpOT_
FN:2559,_ZNSt8_Rb_treeINSt7__cxx1112basic_stringIcSt11char_traitsIcESaIcEEESt4pairIKS5_mESt10_Select1stIS8_ESt4lessIS5_ESaIS8_EE4findERS7_
FNDA:0,_ZNSt8_Rb_treeINSt7__cxx1112basic_stringIcSt11char_traitsIcESaIcEEESt4pairIKS5_mESt10_Select1stIS8_ESt4lessIS5_ESaIS8_EE4findERS7_
FN:2559,_ZNSt8_Rb_treeINSt7__cxx1112basic_stringIcSt11char_traitsIcESaIcEEESt4pairIKS5_N7testing8internal34TypeParameterizedTestSuiteRegistry30TypeParameterizedTestSuiteInfoEESt10_Select1stISC_ESt4lessIS5_ESaISC_EE4findERS7_
FNDA:0,_ZNSt8_Rb_treeINSt7__cxx1112basic_stringIcSt11char_traitsIcESaIcEEESt4pairIKS5_N7testing8internal34TypeParameterizedTestSuiteRegistry30TypeParameterizedTestSuiteInfoEESt10_Select1stISC_ESt4lessIS5_ESaISC_EE4findERS7_
FN:2572,_ZNKSt8_Rb_treeINSt7__cxx1112basic_stringIcSt11char_traitsIcESaIcEEESt4pairIKS5_N7testing8internal12CodeLocationEESt10_Select1stISB_ESt4lessIS5_ESaISB_EE4findERS7_
FNDA:0,_ZNKSt8_Rb_treeINSt7__cxx1112basic_stringIcSt11char_traitsIcESaIcEEESt4pairIKS5_N7testing8internal12CodeLocationEESt10_Select1stISB_ESt4lessIS5_ESaISB_EE4findERS7_
FN:2572,_ZNKSt8_Rb_treeINSt7__cxx1112basic_stringIcSt11char_traitsIcESaIcEEES5_St9_IdentityIS5_ESt4lessIS5_ESaIS5_EE4findERKS5_
FNDA:0,_ZNKSt8_Rb_treeINSt7__cxx1112basic_stringIcSt11char_traitsIcESaIcEEES5_St9_IdentityIS5_ESt4lessIS5_ESaIS5_EE4findERKS5_
DA:146,4
DA:150,4
DA:173,4
DA:174,4
DA:175,4
DA:176,4
DA:177,4
DA:206,4
DA:208,4
DA:209,4
DA:210,4
DA:211,4
DA:212,4
DA:234,0
DA:235,0
DA:234,0
DA:235,0
DA:234,0
DA:235,0
DA:238,0
DA:239,0
DA:238,0
DA:239,0
DA:238,0
DA:239,0
DA:238,0
DA:239,0
DA:273,0
DA:274,0
DA:273,4
DA:274,4
DA:273,0
DA:274,0
DA:273,0
DA:274,0
DA:277,0
DA:278,0
DA:277,0
DA:278,0
DA:281,0
DA:282,0
DA:281,0
DA:282,0
DA:285,0
DA:287,0
DA:288,0
DA:285,0
DA:287,0
DA:288,0
DA:300,0
DA:302,0
DA:303,0
DA:300,0
DA:302,0
DA:303,0
DA:300,0
DA:302,0
DA:303,0
DA:315,0
DA:316,0
DA:315,0
DA:316,0
DA:315,0
DA:316,0
DA:319,0
DA:320,0
DA:319,2
DA:320,2
DA:345,0
DA:346,0
DA:345,0
DA:346,0
DA:348,0
DA:349,0
DA:348,0
DA:349,0
DA:348,0
DA:349,0
DA:352,0
DA:353,0
DA:360,0
DA:361,0
DA:364,0
DA:366,0
DA:367,0
DA:394,0
DA:395,0
DA:394,0
DA:395,0
DA:398,0
DA:399,0
DA:398,0
DA:399,0
DA:538,0
DA:539,0
DA:546,0
DA:548,0
DA:546,0
DA:548,0
DA:566,0
DA:567,0
DA:566,0
DA:567,0
DA:566,0
DA:567,0
DA:579,0
DA:580,0
DA:579,0
DA:580,0
DA:579,0
DA:580,0
DA:583,0
DA:584,0
DA:583,0
DA:584,0
DA:583,0
DA:584,0
DA:609,0
DA:613,0
DA:614,0
DA:624,0
DA:609,0
DA:613,0
DA:614,0
DA:618,0
DA:620,0
DA:621,0
DA:622,0
DA:624,0
DA:609,0
DA:613,0
DA:614,0
DA:618,0
DA:620,0
DA:621,0
DA:622,0
DA:624,0
DA:609,0
DA:613,0
DA:614,0
DA:618,0
DA:620,0
DA:621,0
DA:622,0
DA:624,0
DA:628,0
DA:630,0
DA:631,0
DA:632,0
DA:628,0
DA:630,0
DA:631,0
DA:632,0
DA:628,0
DA:630,0
DA:631,0
DA:632,0
DA:628,0
DA:630,0
DA:631,0
DA:632,0
DA:637,0
DA:642,0
DA:643,0
DA:645,0
DA:637,0
DA:642,0
DA:643,0
DA:645,0
DA:637,0
DA:642,0
DA:643,0
DA:645,0
DA:648,0
DA:650,0
DA:651,0
DA:652,0
DA:648,0
DA:650,0
DA:651,0
DA:652,0
DA:648,0
DA:650,0
DA:651,0
DA:652,0
DA:680,2
DA:684,2
DA:685,2
DA:680,0
DA:684,0
DA:685,0
DA:680,2
DA:684,2
DA:685,2
DA:733,0
DA:734,0
DA:741,0
DA:742,0
DA:749,2
DA:750,2
DA:749,0
DA:750,0
DA:749,2
DA:750,2
DA:753,0
DA:756,0
DA:753,0
DA:756,0
DA:760,0
DA:761,0
DA:760,0
DA:761,0
DA:760,0
DA:761,0
DA:764,0
DA:765,0
DA:764,0
DA:765,0
DA:772,0
DA:790,0
DA:772,0
DA:790,0
DA:772,0
DA:790,0
DA:772,0
DA:790,0
DA:794,0
DA:795,0
DA:794,0
DA:795,0
DA:794,0
DA:795,0
DA:798,0
DA:799,0
DA:798,0
DA:799,0
DA:802,0
DA:803,0
DA:802,0
DA:803,0
DA:802,0
DA:803,0
DA:806,0
DA:807,0
DA:806,0
DA:807,0
DA:814,0
DA:815,0
DA:814,0
DA:815,0
DA:814,0
DA:815,0
DA:814,0
DA:815,0
DA:944,2
DA:944,0
DA:944,2
DA:999,2
DA:1000,2
DA:999,0
DA:1000,0
DA:999,2
DA:1000,2
DA:1007,0
DA:1008,0
DA:1011,0
DA:1012,0
DA:1011,0
DA:1012,0
DA:1011,2
DA:1012,2
DA:1011,0
DA:1012,0
DA:1019,0
DA:1020,0
DA:1019,2
DA:1020,2
DA:1019,0
DA:1020,0
DA:1023,0
DA:1024,0
DA:1023,0
DA:1024,0
DA:1047,0
DA:1048,0
DA:1286,0
DA:1287,0
DA:1802,0
DA:1811,0
DA:1812,0
DA:1815,0
DA:1817,0
DA:1818,0
DA:1819,0
DA:1820,0
DA:1802,0
DA:1811,0
DA:1812,0
DA:1815,0
DA:1817,0
DA:1818,0
DA:1819,0
DA:1820,0
DA:1912,2
DA:1916,2
DA:1918,0
DA:1919,0
DA:1920,0
DA:1921,0
DA:1923,2
DA:1912,0
DA:1916,0
DA:1918,0
DA:1919,0
DA:1920,0
DA:1921,0
DA:1923,0
DA:1912,2
DA:1916,2
DA:1918,0
DA:1919,0
DA:1920,0
DA:1921,0
DA:1923,2
DA:1929,0
DA:1933,0
DA:1934,0
DA:1935,0
DA:1937,0
DA:1938,0
DA:1929,0
DA:1933,0
DA:1934,0
DA:1935,0
DA:1937,0
DA:1938,0
DA:1945,0
DA:1949,0
DA:1950,0
DA:1951,0
DA:1953,0
DA:1954,0
DA:1945,0
DA:1949,0
DA:1950,0
DA:1951,0
DA:1953,0
DA:1954,0
DA:2090,0
DA:2094,0
DA:2095,0
DA:2096,0
DA:2097,0
DA:2099,0
DA:2100,0
DA:2101,0
DA:2103,0
DA:2104,0
DA:2106,0
DA:2107,0
DA:2109,0
DA:2111,0
DA:2112,0
DA:2113,0
DA:2090,0
DA:2094,0
DA:2095,0
DA:2096,0
DA:2097,0
DA:2099,0
DA:2100,0
DA:2101,0
DA:2103,0
DA:2104,0
DA:2106,0
DA:2107,0
DA:2109,0
DA:2111,0
DA:2112,0
DA:2113,0
DA:2090,0
DA:2094,0
DA:2095,0
DA:2096,0
DA:2097,0
DA:2099,0
DA:2100,0
DA:2101,0
DA:2103,0
DA:2104,0
DA:2106,0
DA:2107,0
DA:2109,0
DA:2111,0
DA:2112,0
DA:2113,0
DA:2144,0
DA:2152,0
DA:2153,0
DA:2155,0
DA:2157,0
DA:2158,0
DA:2160,0
DA:2163,0
DA:2144,0
DA:2152,0
DA:2153,0
DA:2155,0
DA:2157,0
DA:2158,0
DA:2160,0
DA:2163,0
DA:2192,0
DA:2196,0
DA:2200,0
DA:2202,0
DA:2203,0
DA:2204,0
DA:2206,0
DA:2208,0
DA:2211,0
DA:2212,0
DA:2213,0
DA:2214,0
DA:2216,0
DA:2217,0
DA:2219,0
DA:2222,0
DA:2224,0
DA:2227,0
DA:2228,0
DA:2229,0
DA:2230,0
DA:2232,0
DA:2233,0
DA:2235,0
DA:2238,0
DA:2242,0
DA:2359,0
DA:2362,0
DA:2363,0
DA:2366,0
DA:2367,0
DA:2368,0
DA:2369,0
DA:2359,0
DA:2362,0
DA:2363,0
DA:2366,0
DA:2367,0
DA:2368,0
DA:2369,0
DA:2410,0
DA:2413,0
DA:2418,0
DA:2419,0
DA:2420,0
DA:2422,0
DA:2423,0
DA:2425,0
DA:2427,0
DA:2428,0
DA:2457,0
DA:2460,0
DA:2464,0
DA:2466,0
DA:2467,0
DA:2469,0
DA:2470,0
DA:2472,0
DA:2474,0
DA:2475,0
DA:2559,0
DA:2562,0
DA:2563,0
DA:2564,0
DA:2565,0
DA:2559,0
DA:2562,0
DA:2563,0
DA:2564,0
DA:2565,0
DA:2572,0
DA:2575,0
DA:2576,0
DA:2577,0
DA:2578,0
DA:2572,0
DA:2575,0
DA:2576,0
DA:2577,0
DA:2578,0
end_of_record
TN:
SF:/mnt/c/Users/KIIT/Desktop/Keploy project/UnitTestGenerator/cpp-unit-gen/build/_deps/googletest-src/googletest/include/gtest/gtest.h
FN:2293,_Z13RUN_ALL_TESTSv
FNDA:2,_Z13RUN_ALL_TESTSv
DA:2293,2
end_of_record
SF:/usr/include/c++/9/iostream
end_of_record
SF:/mnt/c/Users/KIIT/Desktop/Keploy project/UnitTestGenerator/cpp-unit-gen/build/_deps/googletest-src/googletest/src/gtest_main.cc
FN:48,main
FNDA:2,main
DA:48,2
DA:49,2
DA:50,2
DA:51,2
end_of_record
